"C:/Users/Luke/Documents/Unreal Projects/Echo/Echo.uproject" 1
"../../../Engine/Plugins/2D/Paper2D/Paper2D.uplugin" 2
"../../../Engine/Plugins/Developer/BlankPlugin/BlankPlugin.uplugin" 3
"../../../Engine/Plugins/Developer/GitSourceControl/GitSourceControl.uplugin" 4
"../../../Engine/Plugins/Developer/KDevelopSourceCodeAccess/KDevelopSourceCodeAccess.uplugin" 5
"../../../Engine/Plugins/Developer/PerforceSourceControl/PerforceSourceControl.uplugin" 6
"../../../Engine/Plugins/Developer/SubversionSourceControl/SubversionSourceControl.uplugin" 7
"../../../Engine/Plugins/Developer/UObjectPlugin/UObjectPlugin.uplugin" 8
"../../../Engine/Plugins/Developer/VisualStudioSourceCodeAccess/VisualStudioSourceCodeAccess.uplugin" 9
"../../../Engine/Plugins/Developer/XCodeSourceCodeAccess/XCodeSourceCodeAccess.uplugin" 10
"../../../Engine/Plugins/Editor/EpicSurvey/EpicSurvey.uplugin" 11
"../../../Engine/Plugins/Editor/MacGraphicsSwitching/MacGraphicsSwitching.uplugin" 12
"../../../Engine/Plugins/Editor/PluginsEditor/PluginsEditor.uplugin" 13
"../../../Engine/Plugins/Editor/SpeedTreeImporter/SpeedTreeImporter.uplugin" 14
"../../../Engine/Plugins/Experimental/BlueprintStats/BlueprintStats.uplugin" 15
"../../../Engine/Plugins/Experimental/CharacterAI/CharacterAI.uplugin" 16
"../../../Engine/Plugins/Experimental/CodeView/CodeView.uplugin" 17
"../../../Engine/Plugins/Experimental/LiveEditor/LiveEditor.uplugin" 18
"../../../Engine/Plugins/Experimental/Phya/Phya.uplugin" 19
"../../../Engine/Plugins/Experimental/SimpleHMD/SimpleHMD.uplugin" 20
"../../../Engine/Plugins/Experimental/SteamVR/SteamVR.uplugin" 21
"../../../Engine/Plugins/Media/AndroidMedia/AndroidMedia.uplugin" 22
"../../../Engine/Plugins/Media/AvfMedia/AvfMedia.uplugin" 23
"../../../Engine/Plugins/Media/MediaPlayerEditor/MediaPlayerEditor.uplugin" 24
"../../../Engine/Plugins/Media/WmfMedia/WmfMedia.uplugin" 25
"../../../Engine/Plugins/Messaging/MessagingDebugger/MessagingDebugger.uplugin" 26
"../../../Engine/Plugins/Messaging/ShmMessaging/ShmMessaging.uplugin" 27
"../../../Engine/Plugins/Messaging/UdpMessaging/UdpMessaging.uplugin" 28
"../../../Engine/Plugins/Runtime/Advertising/IOSTapJoy/IOSTapJoy.uplugin" 29
"../../../Engine/Plugins/Runtime/Analytics/AnalyticsBlueprintLibrary/AnalyticsBlueprintLibrary.uplugin" 30
"../../../Engine/Plugins/Runtime/Analytics/Apsalar/IOSApsalar/IOSApsalar.uplugin" 31
"../../../Engine/Plugins/Runtime/Analytics/FileLogging/FileLogging.uplugin" 32
"../../../Engine/Plugins/Runtime/AndroidDeviceProfileSelector/AndroidDeviceProfileSelector.uplugin" 33
"../../../Engine/Plugins/Runtime/AndroidMoviePlayer/AndroidMoviePlayer.uplugin" 34
"../../../Engine/Plugins/Runtime/AppleMoviePlayer/AppleMoviePlayer.uplugin" 35
"../../../Engine/Plugins/Runtime/CableComponent/CableComponent.uplugin" 36
"../../../Engine/Plugins/Runtime/CustomMeshComponent/CustomMeshComponent.uplugin" 37
"../../../Engine/Plugins/Runtime/ExampleDeviceProfileSelector/ExampleDeviceProfileSelector.uplugin" 38
"../../../Engine/Plugins/Runtime/GearVR/GearVR.uplugin" 39
"../../../Engine/Plugins/Runtime/IOSDeviceProfileSelector/IOSDeviceProfileSelector.uplugin" 40
"../../../Engine/Plugins/Runtime/LiveEditorListenServer/LiveEditorListenServer.uplugin" 41
"../../../Engine/Plugins/Runtime/OculusRift/OculusRift.uplugin" 42
"../../../Engine/Plugins/Runtime/SoundMod/SoundMod.uplugin" 43
"../../../Engine/Plugins/Runtime/SoundVisualizations/SoundVisualizations.uplugin" 44
"../../../Engine/Plugins/Runtime/TwitchLiveStreaming/TwitchLiveStreaming.uplugin" 45
"../../../Engine/Plugins/Runtime/WindowsDeviceProfileSelector/WindowsDeviceProfileSelector.uplugin" 46
"../../../Engine/Plugins/Runtime/WindowsMoviePlayer/WindowsMoviePlayer.uplugin" 47
"../../../Engine/Plugins/ScriptGeneratorPlugin/ScriptGeneratorPlugin.uplugin" 48
"../../../Engine/Plugins/ScriptPlugin/ScriptPlugin.uplugin" 49
"../../../Engine/Plugins/Slate/SlateRemote/SlateRemote.uplugin" 50
"..\..\..\Engine\Content\Internationalization\icudt53l\cnvalias.icu" 51
"..\..\..\Engine\Content\Internationalization\icudt53l\en_US_POSIX.res" 52
"..\..\..\Engine\Content\Internationalization\icudt53l\pool.res" 53
"..\..\..\Engine\Content\Internationalization\icudt53l\en_US.res" 54
"..\..\..\Engine\Content\Internationalization\icudt53l\en.res" 55
"..\..\..\Engine\Content\Internationalization\icudt53l\root.res" 56
"..\..\..\Engine\Content\Internationalization\icudt53l\coll\ucadata.icu" 57
"..\..\..\Engine\Content\Internationalization\icudt53l\nfc.nrm" 58
"..\..\..\Engine\Content\Internationalization\icudt53l\coll\en_US_POSIX.res" 59
"..\..\..\Engine\Content\Internationalization\icudt53l\coll\en_US.res" 60
"..\..\..\Engine\Content\Internationalization\icudt53l\coll\en.res" 61
"..\..\..\Engine\Content\Internationalization\icudt53l\coll\root.res" 62
"..\..\..\Engine\Content\Internationalization\icudt53l\numberingSystems.res" 63
"..\..\..\Engine\Content\Internationalization\icudt53l\curr\supplementalData.res" 64
"..\..\..\Engine\Content\Internationalization\icudt53l\curr\pool.res" 65
"..\..\..\Engine\Content\Internationalization\icudt53l\curr\en.res" 66
"..\..\..\Engine\Content\Internationalization\icudt53l\curr\root.res" 67
"..\..\..\Engine\Content\Internationalization\icudt53l\plurals.res" 68
"..\..\..\Engine\Content\Internationalization\icudt53l\windowsZones.res" 69
"..\..\..\Engine\Content\Internationalization\icudt53l\zoneinfo64.res" 70
"..\..\..\Engine\Content\Internationalization\icudt53l\keyTypeData.res" 71
"..\..\..\Engine\Content\Internationalization\icudt53l\timezoneTypes.res" 72
"..\..\..\Engine\Content\Internationalization\icudt53l\supplementalData.res" 73
"..\..\..\Engine\Content\Internationalization\icudt53l\likelySubtags.res" 74
"../../../Engine/Config/Base.ini" 75
"../../../Engine/Config/BaseEngine.ini" 76
"../../../../../../Users/Luke/Documents/Unreal Projects/Echo/Config/DefaultEngine.ini" 77
"../../../Engine/Config/Windows/WindowsEngine.ini" 78
"C:/Users/Luke/AppData/Local/Unreal Engine/Engine/Config/UserEngine.ini" 79
"C:/Users/Luke/Documents/Unreal Projects/Echo/Saved/Config/Windows/Engine.ini" 80
"../../../../../../Users/Luke/Documents/Unreal Projects/Echo/Intermediate/Config/CoalescedSourceConfigs/Engine.ini" 81
"../../../Engine/Config/BaseGame.ini" 82
"../../../../../../Users/Luke/Documents/Unreal Projects/Echo/Config/DefaultGame.ini" 83
"C:/Users/Luke/Documents/Unreal Projects/Echo/Saved/Config/Windows/Game.ini" 84
"../../../../../../Users/Luke/Documents/Unreal Projects/Echo/Intermediate/Config/CoalescedSourceConfigs/Game.ini" 85
"../../../Engine/Config/BaseInput.ini" 86
"../../../../../../Users/Luke/Documents/Unreal Projects/Echo/Config/DefaultInput.ini" 87
"C:/Users/Luke/Documents/Unreal Projects/Echo/Saved/Config/Windows/Input.ini" 88
"../../../../../../Users/Luke/Documents/Unreal Projects/Echo/Intermediate/Config/CoalescedSourceConfigs/Input.ini" 89
"../../../Engine/Config/BaseEditor.ini" 90
"../../../../../../Users/Luke/Documents/Unreal Projects/Echo/Config/DefaultEditor.ini" 91
"C:/Users/Luke/Documents/Unreal Projects/Echo/Saved/Config/Windows/Editor.ini" 92
"../../../../../../Users/Luke/Documents/Unreal Projects/Echo/Intermediate/Config/CoalescedSourceConfigs/Editor.ini" 93
"../../../Engine/Config/BaseEditorLayout.ini" 94
"C:/Users/Luke/Documents/Unreal Projects/Echo/Saved/Config/Windows/EditorLayout.ini" 95
"../../../../../../Users/Luke/Documents/Unreal Projects/Echo/Intermediate/Config/CoalescedSourceConfigs/EditorLayout.ini" 96
"../../../Engine/Config/BaseEditorUserSettings.ini" 97
"../../../../../../Users/Luke/Documents/Unreal Projects/Echo/Config/DefaultEditorUserSettings.ini" 98
"C:/Users/Luke/Documents/Unreal Projects/Echo/Saved/Config/Windows/EditorUserSettings.ini" 99
"../../../../../../Users/Luke/Documents/Unreal Projects/Echo/Intermediate/Config/CoalescedSourceConfigs/EditorUserSettings.ini" 100
"../../../Engine/Config/BaseEditorKeyBindings.ini" 101
"C:/Users/Luke/Documents/Unreal Projects/Echo/Saved/Config/Windows/EditorKeyBindings.ini" 102
"../../../../../../Users/Luke/Documents/Unreal Projects/Echo/Intermediate/Config/CoalescedSourceConfigs/EditorKeyBindings.ini" 103
"../../../Engine/Config/BaseCompat.ini" 104
"C:/Users/Luke/Documents/Unreal Projects/Echo/Saved/Config/Windows/Compat.ini" 105
"../../../../../../Users/Luke/Documents/Unreal Projects/Echo/Intermediate/Config/CoalescedSourceConfigs/Compat.ini" 106
"../../../Engine/Config/BaseLightmass.ini" 107
"C:/Users/Luke/Documents/Unreal Projects/Echo/Saved/Config/Windows/Lightmass.ini" 108
"../../../../../../Users/Luke/Documents/Unreal Projects/Echo/Intermediate/Config/CoalescedSourceConfigs/Lightmass.ini" 109
"../../../Engine/Config/BaseScalability.ini" 110
"C:/Users/Luke/Documents/Unreal Projects/Echo/Saved/Config/Windows/Scalability.ini" 111
"../../../../../../Users/Luke/Documents/Unreal Projects/Echo/Intermediate/Config/CoalescedSourceConfigs/Scalability.ini" 112
"C:/Users/Luke/Documents/Unreal Projects/Echo/Saved/Config/Windows/GameUserSettings.ini" 113
"../../../../../../Users/Luke/Documents/Unreal Projects/Echo/Intermediate/Config/CoalescedSourceConfigs/GameUserSettings.ini" 114
"../../../Engine/Config/BaseDeviceProfiles.ini" 115
"C:/Users/Luke/Documents/Unreal Projects/Echo/Saved/Config/Windows/DeviceProfiles.ini" 116
"../../../../../../Users/Luke/Documents/Unreal Projects/Echo/Intermediate/Config/CoalescedSourceConfigs/DeviceProfiles.ini" 117
"../../../Engine/Config/ConsoleVariables.ini" 118
"..\..\..\Engine\Content\Internationalization\icudt53l\es.res" 119
"..\..\..\Engine\Content\Internationalization\icudt53l\coll\es.res" 120
"..\..\..\Engine\Content\Internationalization\icudt53l\curr\es.res" 121
"..\..\..\Engine\Content\Internationalization\icudt53l\es_ES.res" 122
"..\..\..\Engine\Content\Internationalization\icudt53l\ja.res" 123
"..\..\..\Engine\Content\Internationalization\icudt53l\coll\ja.res" 124
"..\..\..\Engine\Content\Internationalization\icudt53l\curr\ja.res" 125
"..\..\..\Engine\Content\Internationalization\icudt53l\ja_JP.res" 126
"..\..\..\Engine\Content\Internationalization\icudt53l\ko.res" 127
"..\..\..\Engine\Content\Internationalization\icudt53l\coll\ko.res" 128
"..\..\..\Engine\Content\Internationalization\icudt53l\curr\ko.res" 129
"..\..\..\Engine\Content\Internationalization\icudt53l\ko_KR.res" 130
"..\..\..\Engine\Content\Internationalization\icudt53l\pt_BR.res" 131
"..\..\..\Engine\Content\Internationalization\icudt53l\pt.res" 132
"..\..\..\Engine\Content\Internationalization\icudt53l\coll\pt.res" 133
"..\..\..\Engine\Content\Internationalization\icudt53l\curr\pt.res" 134
"..\..\..\Engine\Content\Internationalization\icudt53l\zh_CN.res" 135
"..\..\..\Engine\Content\Internationalization\icudt53l\zh_Hans_CN.res" 136
"..\..\..\Engine\Content\Internationalization\icudt53l\zh_Hans.res" 137
"..\..\..\Engine\Content\Internationalization\icudt53l\zh.res" 138
"..\..\..\Engine\Content\Internationalization\icudt53l\coll\zh_CN.res" 139
"..\..\..\Engine\Content\Internationalization\icudt53l\coll\zh_Hans_CN.res" 140
"..\..\..\Engine\Content\Internationalization\icudt53l\coll\zh_Hans.res" 141
"..\..\..\Engine\Content\Internationalization\icudt53l\coll\zh.res" 142
"..\..\..\Engine\Content\Internationalization\icudt53l\curr\zh_CN.res" 143
"..\..\..\Engine\Content\Internationalization\icudt53l\curr\zh_Hans_CN.res" 144
"..\..\..\Engine\Content\Internationalization\icudt53l\curr\zh_Hans.res" 145
"..\..\..\Engine\Content\Internationalization\icudt53l\curr\zh.res" 146
"C:/Program Files/Epic Games/4.7/Engine/Content/Localization/Editor/en/Editor.locres" 147
"C:/Program Files/Epic Games/4.7/Engine/Content/Localization/EditorTutorials/en/EditorTutorials.locres" 148
"C:/Program Files/Epic Games/4.7/Engine/Content/Localization/Engine/en/Engine.locres" 149
"../../../Engine/Content/Slate/Fonts/Roboto-Regular.ttf" 150
"../../../Engine/Content/Slate/Fonts/DroidSansMono.ttf" 151
"../../../Engine/Content/Slate/Fonts/Roboto-Bold.ttf" 152
"../../../Engine/Content/Slate/Fonts/Roboto-Light.ttf" 153
"C:/Program Files/Epic Games/4.7/Engine/Binaries/Win64/../../../Engine/Shaders/ParticleSpriteVertexFactory.usf" 154
"C:/Program Files/Epic Games/4.7/Engine/Binaries/Win64/../../../Engine/Shaders/VertexFactoryCommon.usf" 155
"C:/Program Files/Epic Games/4.7/Engine/Binaries/Win64/../../../Engine/Shaders/Common.usf" 156
"C:/Program Files/Epic Games/4.7/Engine/Binaries/Win64/../../../Engine/Shaders/MetalCommon.usf" 157
"C:/Program Files/Epic Games/4.7/Engine/Binaries/Win64/../../../Engine/Shaders/ShaderVersion.usf" 158
"C:/Program Files/Epic Games/4.7/Engine/Binaries/Win64/../../../Engine/Shaders/Definitions.usf" 159
"C:/Program Files/Epic Games/4.7/Engine/Binaries/Win64/../../../Engine/Shaders/Random.usf" 160
"C:/Program Files/Epic Games/4.7/Engine/Binaries/Win64/../../../Engine/Shaders/ParticleVertexFactoryCommon.usf" 161
"C:/Program Files/Epic Games/4.7/Engine/Binaries/Win64/../../../Engine/Shaders/ParticleGPUSpriteVertexFactory.usf" 162
"C:/Program Files/Epic Games/4.7/Engine/Binaries/Win64/../../../Engine/Shaders/ParticleBeamTrailVertexFactory.usf" 163
"C:/Program Files/Epic Games/4.7/Engine/Binaries/Win64/../../../Engine/Shaders/VectorFieldVisualizationVertexFactory.usf" 164
"C:/Program Files/Epic Games/4.7/Engine/Binaries/Win64/../../../Engine/Shaders/LocalVertexFactory.usf" 165
"C:/Program Files/Epic Games/4.7/Engine/Binaries/Win64/../../../Engine/Shaders/LocalVertexFactoryCommon.usf" 166
"C:/Program Files/Epic Games/4.7/Engine/Binaries/Win64/../../../Engine/Shaders/MeshParticleVertexFactory.usf" 167
"C:/Program Files/Epic Games/4.7/Engine/Binaries/Win64/../../../Engine/Shaders/GpuSkinVertexFactory.usf" 168
"C:/Program Files/Epic Games/4.7/Engine/Binaries/Win64/../../../Engine/Shaders/GpuSkinCacheCommon.usf" 169
"C:/Program Files/Epic Games/4.7/Engine/Binaries/Win64/../../../Engine/Shaders/LandscapeVertexFactory.usf" 170
"C:/Program Files/Epic Games/4.7/Engine/Binaries/Win64/../../../Engine/Shaders/SlateElementPixelShader.usf" 171
"C:/Program Files/Epic Games/4.7/Engine/Binaries/Win64/../../../Engine/Shaders/MaterialTemplate.usf" 172
"C:/Program Files/Epic Games/4.7/Engine/Binaries/Win64/../../../Engine/Shaders/DepthOfFieldCommon.usf" 173
"C:/Program Files/Epic Games/4.7/Engine/Binaries/Win64/../../../Engine/Shaders/SpeedTreeCommon.usf" 174
"C:/Program Files/Epic Games/4.7/Engine/Binaries/Win64/../../../Engine/Shaders/AtmosphereCommon.usf" 175
"C:/Program Files/Epic Games/4.7/Engine/Binaries/Win64/../../../Engine/Shaders/PostProcessCommon.usf" 176
"C:/Program Files/Epic Games/4.7/Engine/Binaries/Win64/../../../Engine/Shaders/DeferredShadingCommon.usf" 177
"C:/Program Files/Epic Games/4.7/Engine/Binaries/Win64/../../../Engine/Shaders/LightAccumulator.usf" 178
"C:/Program Files/Epic Games/4.7/Engine/Binaries/Win64/../../../Engine/Shaders/SlateVertexShader.usf" 179
"C:/Program Files/Epic Games/4.7/Engine/Binaries/Win64/../../../Engine/Shaders/OneColorShader.usf" 180
"C:/Program Files/Epic Games/4.7/Engine/Binaries/Win64/../../../Engine/Shaders/ResolveVertexShader.usf" 181
"C:/Program Files/Epic Games/4.7/Engine/Binaries/Win64/../../../Engine/Shaders/ResolvePixelShader.usf" 182
"C:/Program Files/Epic Games/4.7/Engine/Binaries/Win64/../../../Engine/Shaders/VisualizeTexture.usf" 183
"C:/Program Files/Epic Games/4.7/Engine/Binaries/Win64/../../../Engine/Shaders/ScreenSpaceReflections.usf" 184
"C:/Program Files/Epic Games/4.7/Engine/Binaries/Win64/../../../Engine/Shaders/BRDF.usf" 185
"C:/Program Files/Epic Games/4.7/Engine/Binaries/Win64/../../../Engine/Shaders/MonteCarlo.usf" 186
"C:/Program Files/Epic Games/4.7/Engine/Binaries/Win64/../../../Engine/Shaders/FilterVertexShader.usf" 187
"C:/Program Files/Epic Games/4.7/Engine/Binaries/Win64/../../../Engine/Shaders/FilterPixelShader.usf" 188
"C:/Program Files/Epic Games/4.7/Engine/Binaries/Win64/../../../Engine/Shaders/PostProcessVisualizeHDR.usf" 189
"C:/Program Files/Epic Games/4.7/Engine/Binaries/Win64/../../../Engine/Shaders/PostProcessHistogramCommon.usf" 190
"C:/Program Files/Epic Games/4.7/Engine/Binaries/Win64/../../../Engine/Shaders/TonemapCommon.usf" 191
"C:/Program Files/Epic Games/4.7/Engine/Binaries/Win64/../../../Engine/Shaders/MiniFontCommon.usf" 192
"C:/Program Files/Epic Games/4.7/Engine/Binaries/Win64/../../../Engine/Shaders/PostProcessVisualizeBuffer.usf" 193
"C:/Program Files/Epic Games/4.7/Engine/Binaries/Win64/../../../Engine/Shaders/PostProcessUpscale.usf" 194
"C:/Program Files/Epic Games/4.7/Engine/Binaries/Win64/../../../Engine/Shaders/PostProcessTonemap.usf" 195
"C:/Program Files/Epic Games/4.7/Engine/Binaries/Win64/../../../Engine/Shaders/PostProcessTestImage.usf" 196
"C:/Program Files/Epic Games/4.7/Engine/Binaries/Win64/../../../Engine/Shaders/PostProcessTemporalAA.usf" 197
"C:/Program Files/Epic Games/4.7/Engine/Binaries/Win64/../../../Engine/Shaders/PostProcessTemporalCommon.usf" 198
"C:/Program Files/Epic Games/4.7/Engine/Binaries/Win64/../../../Engine/Shaders/PostProcessSubsurface.usf" 199
"C:/Program Files/Epic Games/4.7/Engine/Binaries/Win64/../../../Engine/Shaders/SeparableSSS.usf" 200
"C:/Program Files/Epic Games/4.7/Engine/Binaries/Win64/../../../Engine/Shaders/PostProcessSelectionOutline.usf" 201
"C:/Program Files/Epic Games/4.7/Engine/Binaries/Win64/../../../Engine/Shaders/PostProcessSceneColorFringe.usf" 202
"C:/Program Files/Epic Games/4.7/Engine/Binaries/Win64/../../../Engine/Shaders/PostProcessNoiseBlur.usf" 203
"C:/Program Files/Epic Games/4.7/Engine/Binaries/Win64/../../../Engine/Shaders/PostProcessMotionBlur.usf" 204
"C:/Program Files/Epic Games/4.7/Engine/Binaries/Win64/../../../Engine/Shaders/PostProcessMobile.usf" 205
"C:/Program Files/Epic Games/4.7/Engine/Binaries/Win64/../../../Engine/Shaders/PostProcessMaterialShaders.usf" 206
"C:/Program Files/Epic Games/4.7/Engine/Binaries/Win64/../../../Engine/Shaders/PostProcessLensFlares.usf" 207
"C:/Program Files/Epic Games/4.7/Engine/Binaries/Win64/../../../Engine/Shaders/PostProcessLensBlur.usf" 208
"C:/Program Files/Epic Games/4.7/Engine/Binaries/Win64/../../../Engine/Shaders/PostProcessBloom.usf" 209
"C:/Program Files/Epic Games/4.7/Engine/Binaries/Win64/../../../Engine/Shaders/PostProcessHMD.usf" 210
"C:/Program Files/Epic Games/4.7/Engine/Binaries/Win64/../../../Engine/Shaders/PostProcessHistogramReduce.usf" 211
"C:/Program Files/Epic Games/4.7/Engine/Binaries/Win64/../../../Engine/Shaders/PostProcessHistogram.usf" 212
"C:/Program Files/Epic Games/4.7/Engine/Binaries/Win64/../../../Engine/Shaders/PostProcessGBufferHints.usf" 213
"C:/Program Files/Epic Games/4.7/Engine/Binaries/Win64/../../../Engine/Shaders/PostProcessEyeAdaptation.usf" 214
"C:/Program Files/Epic Games/4.7/Engine/Binaries/Win64/../../../Engine/Shaders/PostProcessDownsample.usf" 215
"C:/Program Files/Epic Games/4.7/Engine/Binaries/Win64/../../../Engine/Shaders/PostProcessDOF.usf" 216
"C:/Program Files/Epic Games/4.7/Engine/Binaries/Win64/../../../Engine/Shaders/PostProcessCompositeEditorPrimitives.usf" 217
"C:/Program Files/Epic Games/4.7/Engine/Binaries/Win64/../../../Engine/Shaders/PostProcessCombineLUTs.usf" 218
"C:/Program Files/Epic Games/4.7/Engine/Binaries/Win64/../../../Engine/Shaders/PostProcessBusyWait.usf" 219
"C:/Program Files/Epic Games/4.7/Engine/Binaries/Win64/../../../Engine/Shaders/PostProcessBokehDOF.usf" 220
"C:/Program Files/Epic Games/4.7/Engine/Binaries/Win64/../../../Engine/Shaders/FXAAShader.usf" 221
"C:/Program Files/Epic Games/4.7/Engine/Binaries/Win64/../../../Engine/Shaders/Fxaa3_11.usf" 222
"C:/Program Files/Epic Games/4.7/Engine/Binaries/Win64/../../../Engine/Shaders/PostProcessPassThrough.usf" 223
"C:/Program Files/Epic Games/4.7/Engine/Binaries/Win64/../../../Engine/Shaders/PostProcessLpvIndirect.usf" 224
"C:/Program Files/Epic Games/4.7/Engine/Binaries/Win64/../../../Engine/Shaders/DeferredLightingCommon.usf" 225
"C:/Program Files/Epic Games/4.7/Engine/Binaries/Win64/../../../Engine/Shaders/DynamicLightingCommon.usf" 226
"C:/Program Files/Epic Games/4.7/Engine/Binaries/Win64/../../../Engine/Shaders/IESLightProfilesCommon.usf" 227
"C:/Program Files/Epic Games/4.7/Engine/Binaries/Win64/../../../Engine/Shaders/LPVFinalPass.usf" 228
"C:/Program Files/Epic Games/4.7/Engine/Binaries/Win64/../../../Engine/Shaders/LPVCommon.usf" 229
"C:/Program Files/Epic Games/4.7/Engine/Binaries/Win64/../../../Engine/Shaders/DeferredDecal.usf" 230
"C:/Program Files/Epic Games/4.7/Engine/Binaries/Win64/../../../Engine/Shaders/PostProcessAmbientOcclusion.usf" 231
"C:/Program Files/Epic Games/4.7/Engine/Binaries/Win64/../../../Engine/Shaders/PostProcessAmbient.usf" 232
"C:/Program Files/Epic Games/4.7/Engine/Binaries/Win64/../../../Engine/Shaders/CubemapCommon.usf" 233
"C:/Program Files/Epic Games/4.7/Engine/Binaries/Win64/../../../Engine/Shaders/VelocityShader.usf" 234
"C:/Program Files/Epic Games/4.7/Engine/Binaries/Win64/../../../Engine/Shaders/Tessellation.usf" 235
"C:/Program Files/Epic Games/4.7/Engine/Binaries/Win64/../../../Engine/Shaders/FlatTessellation.usf" 236
"C:/Program Files/Epic Games/4.7/Engine/Binaries/Win64/../../../Engine/Shaders/PNTriangles.usf" 237
"C:/Program Files/Epic Games/4.7/Engine/Binaries/Win64/../../../Engine/Shaders/TranslucentLightingShaders.usf" 238
"C:/Program Files/Epic Games/4.7/Engine/Binaries/Win64/../../../Engine/Shaders/SHCommon.usf" 239
"C:/Program Files/Epic Games/4.7/Engine/Binaries/Win64/../../../Engine/Shaders/ShadowProjectionCommon.usf" 240
"C:/Program Files/Epic Games/4.7/Engine/Binaries/Win64/../../../Engine/Shaders/TranslucentLightInjectionShaders.usf" 241
"C:/Program Files/Epic Games/4.7/Engine/Binaries/Win64/../../../Engine/Shaders/LightFunctionCommon.usf" 242
"C:/Program Files/Epic Games/4.7/Engine/Binaries/Win64/../../../Engine/Shaders/TranslucentShadowDepthShaders.usf" 243
"C:/Program Files/Epic Games/4.7/Engine/Binaries/Win64/../../../Engine/Shaders/ShadowDepthCommon.usf" 244
"C:/Program Files/Epic Games/4.7/Engine/Binaries/Win64/../../../Engine/Shaders/TiledDeferredLightShaders.usf" 245
"C:/Program Files/Epic Games/4.7/Engine/Binaries/Win64/../../../Engine/Shaders/ShadowProjectionPixelShader.usf" 246
"C:/Program Files/Epic Games/4.7/Engine/Binaries/Win64/../../../Engine/Shaders/ShadowFilteringCommon.usf" 247
"C:/Program Files/Epic Games/4.7/Engine/Binaries/Win64/../../../Engine/Shaders/ShadowProjectionVertexShader.usf" 248
"C:/Program Files/Epic Games/4.7/Engine/Binaries/Win64/../../../Engine/Shaders/ShadowDepthPixelShader.usf" 249
"C:/Program Files/Epic Games/4.7/Engine/Binaries/Win64/../../../Engine/Shaders/LPVWriteVplCommon.usf" 250
"C:/Program Files/Epic Games/4.7/Engine/Binaries/Win64/../../../Engine/Shaders/LPVWriteCommon.usf" 251
"C:/Program Files/Epic Games/4.7/Engine/Binaries/Win64/../../../Engine/Shaders/ShadowDepthVertexShader.usf" 252
"C:/Program Files/Epic Games/4.7/Engine/Binaries/Win64/../../../Engine/Shaders/ShaderComplexityApplyPixelShader.usf" 253
"C:/Program Files/Epic Games/4.7/Engine/Binaries/Win64/../../../Engine/Shaders/ShaderComplexityApplyVertexShader.usf" 254
"C:/Program Files/Epic Games/4.7/Engine/Binaries/Win64/../../../Engine/Shaders/ShaderComplexityAccumulatePixelShader.usf" 255
"C:/Program Files/Epic Games/4.7/Engine/Binaries/Win64/../../../Engine/Shaders/HZBOcclusion.usf" 256
"C:/Program Files/Epic Games/4.7/Engine/Binaries/Win64/../../../Engine/Shaders/OcclusionQueryVertexShader.usf" 257
"C:/Program Files/Epic Games/4.7/Engine/Binaries/Win64/../../../Engine/Shaders/HitProxyPixelShader.usf" 258
"C:/Program Files/Epic Games/4.7/Engine/Binaries/Win64/../../../Engine/Shaders/HitProxyVertexShader.usf" 259
"C:/Program Files/Epic Games/4.7/Engine/Binaries/Win64/../../../Engine/Shaders/ReflectionEnvironmentShaders.usf" 260
"C:/Program Files/Epic Games/4.7/Engine/Binaries/Win64/../../../Engine/Shaders/ReflectionEnvironmentShared.usf" 261
"C:/Program Files/Epic Games/4.7/Engine/Binaries/Win64/../../../Engine/Shaders/SkyLightingShared.usf" 262
"C:/Program Files/Epic Games/4.7/Engine/Binaries/Win64/../../../Engine/Shaders/ReflectionEnvironmentComputeShaders.usf" 263
"C:/Program Files/Epic Games/4.7/Engine/Binaries/Win64/../../../Engine/Shaders/LightShaftShader.usf" 264
"C:/Program Files/Epic Games/4.7/Engine/Binaries/Win64/../../../Engine/Shaders/StationaryLightOverlapShaders.usf" 265
"C:/Program Files/Epic Games/4.7/Engine/Binaries/Win64/../../../Engine/Shaders/DeferredLightPixelShaders.usf" 266
"C:/Program Files/Epic Games/4.7/Engine/Binaries/Win64/../../../Engine/Shaders/DeferredLightVertexShaders.usf" 267
"C:/Program Files/Epic Games/4.7/Engine/Binaries/Win64/../../../Engine/Shaders/LPVVisualise.usf" 268
"C:/Program Files/Epic Games/4.7/Engine/Binaries/Win64/../../../Engine/Shaders/LPVGeometryVolumeCommon.usf" 269
"C:/Program Files/Epic Games/4.7/Engine/Binaries/Win64/../../../Engine/Shaders/LPVDirectLightInject.usf" 270
"C:/Program Files/Epic Games/4.7/Engine/Binaries/Win64/../../../Engine/Shaders/LPVPropagate.usf" 271
"C:/Program Files/Epic Games/4.7/Engine/Binaries/Win64/../../../Engine/Shaders/LPVBuildGeometryVolume.usf" 272
"C:/Program Files/Epic Games/4.7/Engine/Binaries/Win64/../../../Engine/Shaders/LPVInject_AccumulateVplLists.usf" 273
"C:/Program Files/Epic Games/4.7/Engine/Binaries/Win64/../../../Engine/Shaders/LPVInject_GenerateVplLists.usf" 274
"C:/Program Files/Epic Games/4.7/Engine/Binaries/Win64/../../../Engine/Shaders/LPVClearLists.usf" 275
"C:/Program Files/Epic Games/4.7/Engine/Binaries/Win64/../../../Engine/Shaders/LPVClear.usf" 276
"C:/Program Files/Epic Games/4.7/Engine/Binaries/Win64/../../../Engine/Shaders/LightMapDensityShader.usf" 277
"C:/Program Files/Epic Games/4.7/Engine/Binaries/Win64/../../../Engine/Shaders/LightFunctionPixelShader.usf" 278
"C:/Program Files/Epic Games/4.7/Engine/Binaries/Win64/../../../Engine/Shaders/LightFunctionVertexShader.usf" 279
"C:/Program Files/Epic Games/4.7/Engine/Binaries/Win64/../../../Engine/Shaders/HdrCustomResolveShaders.usf" 280
"C:/Program Files/Epic Games/4.7/Engine/Binaries/Win64/../../../Engine/Shaders/GPUBenchmark.usf" 281
"C:/Program Files/Epic Games/4.7/Engine/Binaries/Win64/../../../Engine/Shaders/GammaCorrection.usf" 282
"C:/Program Files/Epic Games/4.7/Engine/Binaries/Win64/../../../Engine/Shaders/BasePassForForwardShadingPixelShader.usf" 283
"C:/Program Files/Epic Games/4.7/Engine/Binaries/Win64/../../../Engine/Shaders/BasePassForForwardShadingCommon.usf" 284
"C:/Program Files/Epic Games/4.7/Engine/Binaries/Win64/../../../Engine/Shaders/LightmapCommon.usf" 285
"C:/Program Files/Epic Games/4.7/Engine/Binaries/Win64/../../../Engine/Shaders/BasePassForForwardShadingVertexShader.usf" 286
"C:/Program Files/Epic Games/4.7/Engine/Binaries/Win64/../../../Engine/Shaders/HeightFogCommon.usf" 287
"C:/Program Files/Epic Games/4.7/Engine/Binaries/Win64/../../../Engine/Shaders/HeightFogPixelShader.usf" 288
"C:/Program Files/Epic Games/4.7/Engine/Binaries/Win64/../../../Engine/Shaders/HeightFogVertexShader.usf" 289
"C:/Program Files/Epic Games/4.7/Engine/Binaries/Win64/../../../Engine/Shaders/DistortAccumulatePS.usf" 290
"C:/Program Files/Epic Games/4.7/Engine/Binaries/Win64/../../../Engine/Shaders/DistortAccumulateVS.usf" 291
"C:/Program Files/Epic Games/4.7/Engine/Binaries/Win64/../../../Engine/Shaders/DistortApplyScreenPS.usf" 292
"C:/Program Files/Epic Games/4.7/Engine/Binaries/Win64/../../../Engine/Shaders/DistanceFieldSurfaceCacheLighting.usf" 293
"C:/Program Files/Epic Games/4.7/Engine/Binaries/Win64/../../../Engine/Shaders/DistanceFieldLightingShared.usf" 294
"C:/Program Files/Epic Games/4.7/Engine/Binaries/Win64/../../../Engine/Shaders/DistanceFieldAOShared.usf" 295
"C:/Program Files/Epic Games/4.7/Engine/Binaries/Win64/../../../Engine/Shaders/SkyLighting.usf" 296
"C:/Program Files/Epic Games/4.7/Engine/Binaries/Win64/../../../Engine/Shaders/DistanceFieldSurfaceCacheLightingCompute.usf" 297
"C:/Program Files/Epic Games/4.7/Engine/Binaries/Win64/../../../Engine/Shaders/DistanceFieldShadowing.usf" 298
"C:/Program Files/Epic Games/4.7/Engine/Binaries/Win64/../../../Engine/Shaders/DepthOnlyPixelShader.usf" 299
"C:/Program Files/Epic Games/4.7/Engine/Binaries/Win64/../../../Engine/Shaders/DepthOnlyVertexShader.usf" 300
"C:/Program Files/Epic Games/4.7/Engine/Binaries/Win64/../../../Engine/Shaders/PositionOnlyDepthVertexShader.usf" 301
"C:/Program Files/Epic Games/4.7/Engine/Binaries/Win64/../../../Engine/Shaders/DownsampleDepthPixelShader.usf" 302
"C:/Program Files/Epic Games/4.7/Engine/Binaries/Win64/../../../Engine/Shaders/BasePassPixelShader.usf" 303
"C:/Program Files/Epic Games/4.7/Engine/Binaries/Win64/../../../Engine/Shaders/BasePassCommon.usf" 304
"C:/Program Files/Epic Games/4.7/Engine/Binaries/Win64/../../../Engine/Shaders/BasePassVertexShader.usf" 305
"C:/Program Files/Epic Games/4.7/Engine/Binaries/Win64/../../../Engine/Shaders/BasePassVertexCommon.usf" 306
"C:/Program Files/Epic Games/4.7/Engine/Binaries/Win64/../../../Engine/Shaders/BasePassTessellationShaders.usf" 307
"C:/Program Files/Epic Games/4.7/Engine/Binaries/Win64/../../../Engine/Shaders/AtmospherePrecompute.usf" 308
"C:/Program Files/Epic Games/4.7/Engine/Binaries/Win64/../../../Engine/Shaders/AtmospherePrecomputeCommon.usf" 309
"C:/Program Files/Epic Games/4.7/Engine/Binaries/Win64/../../../Engine/Shaders/AtmospherePrecomputeInscatter.usf" 310
"C:/Program Files/Epic Games/4.7/Engine/Binaries/Win64/../../../Engine/Shaders/AtmosphericFogShader.usf" 311
"C:/Program Files/Epic Games/4.7/Engine/Binaries/Win64/../../../Engine/Shaders/ParticleSortKeyGen.usf" 312
"C:/Program Files/Epic Games/4.7/Engine/Binaries/Win64/../../../Engine/Shaders/ParticleBoundsShader.usf" 313
"C:/Program Files/Epic Games/4.7/Engine/Binaries/Win64/../../../Engine/Shaders/ParticleSimVisualizeShader.usf" 314
"C:/Program Files/Epic Games/4.7/Engine/Binaries/Win64/../../../Engine/Shaders/ParticleInjectionShader.usf" 315
"C:/Program Files/Epic Games/4.7/Engine/Binaries/Win64/../../../Engine/Shaders/ParticleSimulationShader.usf" 316
"C:/Program Files/Epic Games/4.7/Engine/Binaries/Win64/../../../Engine/Shaders/ParticleCurveInjectionShader.usf" 317
"C:/Program Files/Epic Games/4.7/Engine/Binaries/Win64/../../../Engine/Shaders/VectorFieldCompositeShaders.usf" 318
"C:/Program Files/Epic Games/4.7/Engine/Binaries/Win64/../../../Engine/Shaders/UpdateTextureShaders.usf" 319
"C:/Program Files/Epic Games/4.7/Engine/Binaries/Win64/../../../Engine/Shaders/SimpleElementColorChannelMaskPixelShader.usf" 320
"C:/Program Files/Epic Games/4.7/Engine/Binaries/Win64/../../../Engine/Shaders/SimpleElementHitProxyPixelShader.usf" 321
"C:/Program Files/Epic Games/4.7/Engine/Binaries/Win64/../../../Engine/Shaders/SimpleElementPixelShader.usf" 322
"C:/Program Files/Epic Games/4.7/Engine/Binaries/Win64/../../../Engine/Shaders/ColorUtils.usf" 323
"C:/Program Files/Epic Games/4.7/Engine/Binaries/Win64/../../../Engine/Shaders/SimpleElementVertexShader.usf" 324
"C:/Program Files/Epic Games/4.7/Engine/Binaries/Win64/../../../Engine/Shaders/ScreenVertexShader.usf" 325
"C:/Program Files/Epic Games/4.7/Engine/Binaries/Win64/../../../Engine/Shaders/ScreenPixelShader.usf" 326
"C:/Program Files/Epic Games/4.7/Engine/Binaries/Win64/../../../Engine/Shaders/RadixSortShaders.usf" 327
"C:/Program Files/Epic Games/4.7/Engine/Binaries/Win64/../../../Engine/Shaders/GpuSkinCacheComputeShader.usf" 328
"C:/Program Files/Epic Games/4.7/Engine/Binaries/Win64/../../../Engine/Shaders/NullPixelShader.usf" 329
"C:/Program Files/Epic Games/4.7/Engine/Binaries/Win64/../../../Engine/Shaders/ClearReplacementShaders.usf" 330
"C:/Program Files/Epic Games/4.7/Engine/Binaries/Win64/../../../Engine/Shaders/SimpleElementTexture2DPreviewPixelShader.usf" 331
"C:/Program Files/Epic Games/4.7/Engine/Binaries/Win64/../../../Engine/Shaders/SimpleElementNormalMapPixelShader.usf" 332
"C:/Program Files/Epic Games/4.7/Engine/Binaries/Win64/../../../Engine/Shaders/meshpaintdilatepixelshader.usf" 333
"C:/Program Files/Epic Games/4.7/Engine/Binaries/Win64/../../../Engine/Shaders/meshpaintdilatevertexshader.usf" 334
"C:/Program Files/Epic Games/4.7/Engine/Binaries/Win64/../../../Engine/Shaders/MeshPaintPixelShader.usf" 335
"C:/Program Files/Epic Games/4.7/Engine/Binaries/Win64/../../../Engine/Shaders/MeshPaintVertexShader.usf" 336
"../../../Engine/Config/Android/AndroidEngine.ini" 337
"../../../Engine/Config/HTML5/HTML5Engine.ini" 338
"../../../Engine/Config/IOS/IOSEngine.ini" 339
"../../../Engine/Config/Linux/LinuxEngine.ini" 340
"C:/Users/Luke/AppData/Local/UnrealEngine/4.7/DerivedDataCache/Boot.ddc" 341
"../../../Engine/DerivedDataCache/Compressed.ddp" 342
"../../../Engine/Content/EngineFonts/Roboto.uasset" 343
"../../../Engine/Content/EngineMaterials/Widget3DPassThrough_Translucent.uasset" 344
"../../../Engine/Content/EngineMaterials/Widget3DPassThrough.uasset" 345
"../../../Engine/Content/EngineResources/WhiteSquareTexture.uasset" 346
"../../../Engine/Content/Functions/Engine_MaterialFunctions01/Shading/PowerToRoughness.uasset" 347
"../../../Engine/Content/Functions/Engine_MaterialFunctions01/Shading/ConvertFromDiffSpec.uasset" 348
"../../../Engine/Content/EngineMaterials/WorldGridMaterial.uasset" 349
"../../../Engine/Content/Functions/Engine_MaterialFunctions01/Opacity/CameraDepthFade.uasset" 350
"../../../Engine/Content/EngineMaterials/T_Default_Material_Grid_M.uasset" 351
"../../../Engine/Content/EngineMaterials/T_Default_Material_Grid_N.uasset" 352
"../../../Engine/Content/EngineMaterials/DefaultDeferredDecalMaterial.uasset" 353
"../../../Engine/Content/EngineMaterials/DefaultDiffuse.uasset" 354
"../../../Engine/Content/EngineMaterials/DefaultLightFunctionMaterial.uasset" 355
"../../../Engine/Content/EngineMaterials/DefaultPostProcessMaterial.uasset" 356
"../../../Engine/Content/Functions/Engine_MaterialFunctions02/Utility/BreakOutFloat2Components.uasset" 357
"../../../Engine/Content/EngineResources/DefaultTexture.uasset" 358
"../../../Engine/Content/EngineMaterials/Widget3DPassThrough_Translucent_OneSided.uasset" 359
"../../../Engine/Content/EngineMaterials/Widget3DPassThrough_Opaque.uasset" 360
"../../../Engine/Content/EngineMaterials/Widget3DPassThrough_Opaque_OneSided.uasset" 361
"../../../Engine/Content/EditorResources/S_Actor.uasset" 362
"../../../Engine/Content/EditorLandscapeResources/DataLayer.uasset" 363
"../../../Engine/Content/Maps/Templates/Thumbnails/Default.uasset" 364
"../../../Engine/Content/EditorMaterials/ParticleSystems/PSysThumbnail_NoImage.uasset" 365
"../../../Engine/Content/EditorMaterials/ParticleSystems/PSysThumbnail_OOD.uasset" 366
"../../../Engine/Content/EngineDamageTypes/DmgTypeBP_Environmental.uasset" 367
"../../../Engine/Content/EngineMeshes/Sphere.uasset" 368
"../../../Engine/Content/EngineFonts/RobotoDistanceField.uasset" 369
"../../../Engine/Content/EngineMaterials/DefaultTextMaterialOpaque.uasset" 370
"../../../Engine/Content/EditorResources/S_Trigger.uasset" 371
"../../../Engine/Content/EngineResources/GradientTexture0.uasset" 372
"../../../Engine/Content/EngineResources/Black.uasset" 373
"../../../Engine/Content/EditorMaterials/MatineeGroups/MAT_Groups_Float.uasset" 374
"../../../Engine/Content/EditorMaterials/MatineeGroups/MAT_Groups_Director.uasset" 375
"../../../Engine/Content/EditorMaterials/MatineeGroups/MAT_Groups_Event.uasset" 376
"../../../Engine/Content/EditorMaterials/MatineeGroups/MAT_Groups_Anim.uasset" 377
"../../../Engine/Content/EditorMaterials/MatineeGroups/MAT_Groups_Fade.uasset" 378
"../../../Engine/Content/EditorMaterials/MatineeGroups/MAT_Groups_Move.uasset" 379
"../../../Engine/Content/EditorMaterials/MatineeGroups/MAT_Groups_Slomo.uasset" 380
"../../../Engine/Content/EditorMaterials/MatineeGroups/MAT_ColorTrack.uasset" 381
"../../../Engine/Content/EditorMaterials/MAT_Groups_Toggle.uasset" 382
"../../../Engine/Content/EditorMaterials/MatineeGroups/MAT_Groups_AudioMaster.uasset" 383
"../../../Engine/Content/EditorMaterials/MatineeGroups/MAT_Groups_Sound.uasset" 384
"../../../Engine/Content/EditorMaterials/MatineeGroups/MAT_Groups_Vector.uasset" 385
"../../../Engine/Content/EditorMaterials/MAT_Groups_Visibility.uasset" 386
"../../../Engine/Content/EngineResources/DefaultTextureCube.uasset" 387
"../../../Engine/Content/EngineSounds/Master.uasset" 388
"../../../Engine/Content/EngineSounds/Music.uasset" 389
"../../../Engine/Content/EngineSounds/SFX.uasset" 390
"../../../Engine/Content/EngineSounds/Normal_Attack.uasset" 391
"../../../Engine/Content/EngineSounds/Special_Attack_PSM.uasset" 392
"../../../Engine/Content/EngineSounds/Duck_Normal_Attack_MixMod.uasset" 393
"../../../Engine/Content/EngineSounds/Voice.uasset" 394
"../../../Engine/Content/EngineMeshes/Cylinder.uasset" 395
"../../../Engine/Content/EngineMaterials/DefaultMaterial.uasset" 396
"../../../Engine/Content/EngineTireTypes/DefaultTireType.uasset" 397
"../../../Engine/Content/Editor/Slate/Fonts/FontAwesome.ttf" 398
"../../../Engine/Content/Editor/Slate/Fonts/DroidSansMono.ttf" 399
"../../../Engine/Content/Editor/Slate/Fonts/Roboto-BoldCondensed.ttf" 400
"../../../Engine/Content/Editor/Slate/Fonts/Roboto-Black.ttf" 401
"../../../Engine/Content/Editor/Slate/Fonts/Roboto-Italic.ttf" 402
"../../../Engine/Content/Editor/Slate/Fonts/Roboto-BoldCondensedItalic.ttf" 403
"../../../Engine/Plugins/2D/Paper2D/Content/MaskedUnlitSpriteMaterial.uasset" 404
"../../../Engine/Plugins/2D/Paper2D/Content/DefaultSpriteMaterial.uasset" 405
"../../../Engine/Plugins/2D/Paper2D/Content/DummySpriteTexture.uasset" 406
"../../../Engine/Plugins/2D/Paper2D/Content/OpaqueUnlitSpriteMaterial.uasset" 407
"../../../Engine/Plugins/2D/Paper2D/Content/DefaultPaperTerrainMaterial.uasset" 408
"../../../Engine/Plugins/2D/Paper2D/Content/DummySprite.uasset" 409
"../../../../../../Users/Luke/Documents/Unreal Projects/Echo/Content/FirstPerson/Blueprints/FirstPersonCharacter.uasset" 410
"../../../../../../Users/Luke/Documents/Unreal Projects/Echo/Content/FirstPerson/Character/FirstPersonAnimBlueprint.uasset" 411
"../../../../../../Users/Luke/Documents/Unreal Projects/Echo/Content/FirstPerson/Animations/FirstPersonIdle.uasset" 412
"../../../../../../Users/Luke/Documents/Unreal Projects/Echo/Content/FirstPerson/Character/FirstPersonSkeleton.uasset" 413
"../../../Engine/Content/EngineMeshes/Humanoid.uasset" 414
"../../../../../../Users/Luke/Documents/Unreal Projects/Echo/Content/FirstPerson/Animations/FirstPersonJumpEnd.uasset" 415
"../../../../../../Users/Luke/Documents/Unreal Projects/Echo/Content/FirstPerson/Animations/FirstPersonJumpLoop.uasset" 416
"../../../../../../Users/Luke/Documents/Unreal Projects/Echo/Content/FirstPerson/Animations/FirstPersonJumpStart.uasset" 417
"../../../../../../Users/Luke/Documents/Unreal Projects/Echo/Content/FirstPerson/Animations/FirstPersonRun.uasset" 418
"../../../Engine/Content/EditorBlueprintResources/StandardMacros.uasset" 419
"../../../../../../Users/Luke/Documents/Unreal Projects/Echo/Content/FirstPerson/Animations/FirstPersonFire_Montage.uasset" 420
"../../../../../../Users/Luke/Documents/Unreal Projects/Echo/Content/FirstPerson/Animations/FirstPersonFire.uasset" 421
"../../../../../../Users/Luke/Documents/Unreal Projects/Echo/Content/FirstPerson/Blueprints/FirstPersonProjectile.uasset" 422
"../../../../../../Users/Luke/Documents/Unreal Projects/Echo/Content/FirstPerson/Meshes/FirstPersonProjectileMesh.uasset" 423
"../../../Engine/Content/TemplateResources/MI_Template_BaseOrange.uasset" 424
"../../../Engine/Content/TemplateResources/M_Template_Master.uasset" 425
"../../../../../../Users/Luke/Documents/Unreal Projects/Echo/Content/FirstPerson/Audio/FirstPersonTemplateWeaponFire02.uasset" 426
"../../../../../../Users/Luke/Documents/Unreal Projects/Echo/Content/FirstPerson/Character/FirstPersonSkeletalMesh.uasset" 427
"../../../Engine/Content/TemplateResources/MI_Template_BaseBlue.uasset" 428
"../../../../../../Users/Luke/Documents/Unreal Projects/Echo/Content/FirstPerson/Textures/FirstPersonCrosshair.uasset" 429
"C:/Users/Luke/AppData/Local/UnrealEngine/4.7/Saved/Config/Windows/SourceControlSettings.ini" 430
"../../../../../../Users/Luke/Documents/Unreal Projects/Echo/Intermediate/Config/CoalescedSourceConfigs/SourceControlSettings.ini" 431
"C:/Users/Luke/Documents/Unreal Projects/Echo/Saved/Config/Windows/SourceControlSettings.ini" 432
"../../../Engine/Content/EngineMaterials/RemoveSurfaceMaterial.uasset" 433
"../../../Engine/Content/EngineDebugMaterials/DebugMeshMaterial.uasset" 434
"../../../Engine/Content/EngineMaterials/M_InvalidLightmapSettings.uasset" 435
"../../../Engine/Content/EngineMaterials/InvalidLightmapSettings.uasset" 436
"../../../Engine/Content/EditorMaterials/GizmoMaterial.uasset" 437
"../../../Engine/Content/EngineMaterials/Good64x64TilingNoiseHighFreq.uasset" 438
"../../../Engine/Content/EngineMaterials/DefaultBokeh.uasset" 439
"../../../Engine/Content/EngineMaterials/PreintegratedSkinBRDF.uasset" 440
"../../../Engine/Content/EngineMaterials/MiniFont.uasset" 441
"../../../Engine/Content/EngineMaterials/WeightMapPlaceholderTexture.uasset" 442
"../../../Engine/Content/EngineMaterials/DefaultWhiteGrid.uasset" 443
"../../../Engine/Content/EngineMaterials/DefaultPhysicalMaterial.uasset" 444
"../../../Engine/Content/EngineFonts/RobotoTiny.uasset" 445
"../../../../../../Users/Luke/Documents/Unreal Projects/Echo/Intermediate/CachedAssetRegistry.bin" 446
"../../../../../../Users/Luke/Documents/Unreal Projects/Echo/Content/FirstPerson/Maps/MobileWorld.umap" 447
"../../../../../../Users/Luke/Documents/Unreal Projects/Echo/Content/FirstPerson/Meshes/landscape_with_caves.uasset" 448
"../../../../../../Users/Luke/Documents/Unreal Projects/Echo/Content/FirstPerson/Meshes/orb_of_rock.uasset" 449
"../../../../../../Users/Luke/Documents/Unreal Projects/Echo/Content/FirstPerson/Meshes/plant_dangles.uasset" 450
"../../../../../../Users/Luke/Documents/Unreal Projects/Echo/Content/FirstPerson/Meshes/rock_spike.uasset" 451
"../../../Engine/Content/MobileResources/HUD/VirtualJoystick_Thumb.uasset" 452
"../../../Engine/Content/MobileResources/HUD/VirtualJoystick_Background.uasset" 453
"../../../Engine/Content/MobileResources/HUD/T_Castle_ThumbstickOutter.uasset" 454
"../../../Engine/Content/MobileResources/HUD/T_Castle_ThumbstickInner.uasset" 455
"../../../Engine/Content/MobileResources/HUD/MobileHUDDirectionStick.uasset" 456
"C:/Users/Luke/AppData/Local/UnrealEngine/Common/DerivedDataCache/5/5/5/TEXTURE_75F87CE100B546AAB8A1C4132AF9DB17_AUTOETC2_8EDAF7A54E378800FEB217863433__EF844CD96BCD8DD3CD322C340901837CE32294B9.udd" 457
"../../../Engine/Content/MobileResources/HUD/MobileHUDDirectionPad3.uasset" 458
"../../../Engine/Content/MobileResources/HUD/MobileHUDDirectionPad2.uasset" 459
"C:/Users/Luke/AppData/Local/UnrealEngine/Common/DerivedDataCache/3/2/4/TEXTURE_75F87CE100B546AAB8A1C4132AF9DB17_AUTOETC2_C9D41DBE4C754F8B430E7DBADCD4__FBC3F09CA1A90DBB977C19E11F289F6DA8E49284.udd" 460
"../../../Engine/Content/MobileResources/HUD/MobileHUDDirectionPad.uasset" 461
"C:/Users/Luke/AppData/Local/UnrealEngine/Common/DerivedDataCache/4/6/3/TEXTURE_75F87CE100B546AAB8A1C4132AF9DB17_AUTOETC2_F562DDF94D8D885AE92078A9DD77__9B99B77EBFCB5FCC0D965B9310B18285F1DD4F72.udd" 462
"C:/Users/Luke/AppData/Local/UnrealEngine/Common/DerivedDataCache/8/4/6/TEXTURE_75F87CE100B546AAB8A1C4132AF9DB17_AUTOETC2_F562DDF94D8D885AE92078A9DD77__8F3D4E33266EFF7058EA0F5458F2DB999EF18D1A.udd" 463
"../../../Engine/Content/MobileResources/HUD/MobileHUDButtonFire.uasset" 464
"C:/Users/Luke/AppData/Local/UnrealEngine/Common/DerivedDataCache/4/3/1/TEXTURE_75F87CE100B546AAB8A1C4132AF9DB17_AUTOETC2_F562DDF94D8D885AE92078A9DD77__F1C2C5B52830D531E492A366CDA3F03966A50F54.udd" 465
"C:/Users/Luke/AppData/Local/UnrealEngine/Common/DerivedDataCache/3/9/4/TEXTURE_75F87CE100B546AAB8A1C4132AF9DB17_AUTOETC2_C9D41DBE4C754F8B430E7DBADCD4__9398548B219CA163F51FBD66F82176FB42C878DC.udd" 466
"C:/Users/Luke/AppData/Local/UnrealEngine/Common/DerivedDataCache/1/2/4/TEXTURE_75F87CE100B546AAB8A1C4132AF9DB17_AUTOETC2_3F3B1DD44FE006226A690596DBDD__CDDF8231DBC7CA950E7B4CE92521AAAD3C48C261.udd" 467
"C:/Users/Luke/AppData/Local/UnrealEngine/Common/DerivedDataCache/8/2/7/TEXTURE_75F87CE100B546AAB8A1C4132AF9DB17_AUTOETC2_3F3B1DD44FE006226A690596DBDD__AEC80EC600DD3B4D042B934602EB4A05F8D19864.udd" 468
"C:/Users/Luke/AppData/Local/UnrealEngine/Common/DerivedDataCache/9/1/6/TEXTURE_75F87CE100B546AAB8A1C4132AF9DB17_AUTOETC2_C200B7694C3FE53EBCE97592F5F4__24356533FF26DF1C4B77B90C0BE074BE60CDB93D.udd" 469
"../../../Engine/Content/MobileResources/HUD/MobileHUDButton3.uasset" 470
"C:/Users/Luke/AppData/Local/UnrealEngine/Common/DerivedDataCache/3/4/2/TEXTURE_75F87CE100B546AAB8A1C4132AF9DB17_AUTOETC2_C49FDA8C4EFE04B87EBA5CB5A57D__6C384D0E34CB7714F51B78E788A07B1275909C23.udd" 471
"../../../Engine/Content/MobileResources/HUD/MobileHUDButton2_on.uasset" 472
"C:/Users/Luke/AppData/Local/UnrealEngine/Common/DerivedDataCache/9/2/7/TEXTURE_75F87CE100B546AAB8A1C4132AF9DB17_AUTOETC2_80A9E59646847B4846ED6DAF42DF__1EA1B961E7D02F34F47CB3F0542A01A4F1F38F75.udd" 473
"../../../Engine/Content/MobileResources/HUD/MobileHUDButton2_off.uasset" 474
"../../../Engine/Content/MobileResources/HUD/MobileHUDButton1_on.uasset" 475
"../../../Engine/Content/MobileResources/HUD/MobileHUDButton1_off.uasset" 476
"C:/Users/Luke/AppData/Local/UnrealEngine/Common/DerivedDataCache/3/5/7/TEXTURE_75F87CE100B546AAB8A1C4132AF9DB17_AUTOETC2_80A9E59646847B4846ED6DAF42DF__2FFB5567760EAF72FA82B851F0323C4F672A3D96.udd" 477
"C:/Users/Luke/AppData/Local/UnrealEngine/Common/DerivedDataCache/1/1/5/TEXTURE_75F87CE100B546AAB8A1C4132AF9DB17_AUTOETC2_D5542AFE4886708885DF42B1BE8F__D59AF11BB152EE04C05F36ECE6FCB0323B09FA86.udd" 478
"../../../Engine/Content/MobileResources/HUD/LeftVirtualJoystickOnly.uasset" 479
"C:/Users/Luke/AppData/Local/UnrealEngine/Common/DerivedDataCache/0/8/5/TEXTURE_75F87CE100B546AAB8A1C4132AF9DB17_AUTOETC2_C9D41DBE4C754F8B430E7DBADCD4__47881DE908421552277B42C3471C134DB38B35E7.udd" 480
"C:/Users/Luke/AppData/Local/UnrealEngine/Common/DerivedDataCache/7/5/8/TEXTURE_75F87CE100B546AAB8A1C4132AF9DB17_AUTOETC2_7BBBF743419EE004ACC16E9959BC__C48076D302354E388B255563AFD03D236084E5D1.udd" 481
"C:/Users/Luke/AppData/Local/UnrealEngine/Common/DerivedDataCache/7/0/1/TEXTURE_75F87CE100B546AAB8A1C4132AF9DB17_AUTOETC2_5FF2868842E6DED8A4C0CB821719__B7A0742534CBF48BA77C2C55467606F7BE0BEDAF.udd" 482
"../../../Engine/Content/MobileResources/HUD/DefaultVirtualJoysticks.uasset" 483
"../../../Engine/Content/MobileResources/HUD/AnalogHat.uasset" 484
"C:/Users/Luke/AppData/Local/UnrealEngine/Common/DerivedDataCache/4/0/3/TEXTURE_75F87CE100B546AAB8A1C4132AF9DB17_AUTOETC2_D5542AFE4886708885DF42B1BE8F__8705DA1E1392177A60737C98C00498A42845BC46.udd" 485
"C:/Users/Luke/AppData/Local/UnrealEngine/Common/DerivedDataCache/9/5/5/TEXTURE_75F87CE100B546AAB8A1C4132AF9DB17_AUTOETC2_2E1EE3B14D43A62B84881B8F5AAD__3BECB9B0D3CD725CB38D9A368C01F1F3A307E19A.udd" 486
"../../../Engine/Content/MobileResources/T_MobileMenu2.uasset" 487
"C:/Users/Luke/AppData/Local/UnrealEngine/Common/DerivedDataCache/1/5/1/TEXTURE_75F87CE100B546AAB8A1C4132AF9DB17_AUTOETC2_9F8FBEF84A1997E30FD384955E3D__2735FA59C3AF74B3A6A6AD185CDDDC28525B3322.udd" 488
"C:/Users/Luke/AppData/Local/UnrealEngine/Common/DerivedDataCache/1/4/4/TEXTURE_75F87CE100B546AAB8A1C4132AF9DB17_AUTOETC2_9F8FBEF84A1997E30FD384955E3D__CC3C73A229BD7C4AD7CC4C0ABCC291A0EF2ADF2A.udd" 489
"../../../Engine/Content/MobileResources/T_MobileControls_texture.uasset" 490
"C:/Users/Luke/AppData/Local/UnrealEngine/Common/DerivedDataCache/4/8/4/TEXTURE_75F87CE100B546AAB8A1C4132AF9DB17_AUTOETC2_9F8FBEF84A1997E30FD384955E3D__DD6C3F424C5745AB0E2D5FB169978EDA38A4EB16.udd" 491
"C:/Users/Luke/AppData/Local/UnrealEngine/Common/DerivedDataCache/1/5/0/TEXTURE_75F87CE100B546AAB8A1C4132AF9DB17_AUTOETC2_119D9D384F916FB5612DEB85B012__C5062709AC6B3F16557E9761D47082FFDC37C5C2.udd" 492
"C:/Users/Luke/AppData/Local/UnrealEngine/Common/DerivedDataCache/8/8/4/TEXTURE_75F87CE100B546AAB8A1C4132AF9DB17_AUTOETC2_119D9D384F916FB5612DEB85B012__D412CBDCCE74F0DF51B99CA03CD1580221A67BC6.udd" 493
"../../../Engine/Content/Maps/Entry.umap" 494
"C:/Users/Luke/AppData/Local/UnrealEngine/Common/DerivedDataCache/6/7/6/TEXTURE_75F87CE100B546AAB8A1C4132AF9DB17_AUTOETC2_119D9D384F916FB5612DEB85B012__1B3BB47DC55C45944A7B64985401909895628DB8.udd" 495
"C:/Users/Luke/AppData/Local/UnrealEngine/Common/DerivedDataCache/4/0/6/TEXTURE_75F87CE100B546AAB8A1C4132AF9DB17_AUTOETC2_119D9D384F916FB5612DEB85B012__022DE17DC662685608BF5F0A91B181BE829D9CE0.udd" 496
"../../../Engine/Content/EngineMaterials/DefaultNormal.uasset" 497
"C:/Users/Luke/AppData/Local/UnrealEngine/Common/DerivedDataCache/5/9/5/TEXTURE_75F87CE100B546AAB8A1C4132AF9DB17_AUTOETC2_122003924E39A572EF68B5BAC8A9__D7571FED08F115FCACABD05361289305AE5B1AB4.udd" 498
"C:/Users/Luke/AppData/Local/UnrealEngine/Common/DerivedDataCache/0/3/0/TEXTURE_75F87CE100B546AAB8A1C4132AF9DB17_AUTOETC2_122003924E39A572EF68B5BAC8A9__989EF2BED8D424D26F7239496D065D847FB1A5D6.udd" 499
"C:/Users/Luke/AppData/Local/UnrealEngine/Common/DerivedDataCache/8/9/1/TEXTURE_75F87CE100B546AAB8A1C4132AF9DB17_AUTOETC2_122003924E39A572EF68B5BAC8A9__551DE16F2D262FC6F555740F54750200FBADAB3B.udd" 500
"C:/Users/Luke/AppData/Local/UnrealEngine/Common/DerivedDataCache/2/8/3/TEXTURE_75F87CE100B546AAB8A1C4132AF9DB17_AUTOETC2_122003924E39A572EF68B5BAC8A9__F7C205B2FBA3A7547B78E328D349915C72BCEB8F.udd" 501
"C:/Users/Luke/AppData/Local/UnrealEngine/Common/DerivedDataCache/3/6/8/TEXTURE_75F87CE100B546AAB8A1C4132AF9DB17_AUTOETC2_9F8FBEF84A1997E30FD384955E3D__F58F07EC1676E628DA89B19509A7C41661EFFBDC.udd" 502
"C:/Users/Luke/AppData/Local/UnrealEngine/Common/DerivedDataCache/0/8/7/TEXTURE_75F87CE100B546AAB8A1C4132AF9DB17_AUTOETC2_122003924E39A572EF68B5BAC8A9__A79723FC70D667EA9605520505516D47A27EFA50.udd" 503
"../../../../../../Users/Luke/Documents/Unreal Projects/Echo/Content/FirstPerson/Blueprints/BatGameMode.uasset" 504
"../../../../../../Users/Luke/Documents/Unreal Projects/Echo/Content/FirstPerson/Blueprints/BP_FlyingBatPawn.uasset" 505
"../../../../../../Users/Luke/Documents/Unreal Projects/Echo/Content/FirstPerson/Blueprints/BP_EchoSphere.uasset" 506
"../../../../../../Users/Luke/Documents/Unreal Projects/Echo/Content/FirstPerson/Blueprints/BPI_EchoVisible.uasset" 507
"../../../../../../Users/Luke/Documents/Unreal Projects/Echo/Content/FirstPerson/Materials/MPC_EchoLandscape.uasset" 508
"../../../../../../Users/Luke/Documents/Unreal Projects/Echo/Content/FirstPerson/Audio/Crunch5.uasset" 509
"../../../../../../Users/Luke/Documents/Unreal Projects/Echo/Content/FirstPerson/Audio/SC_Music.uasset" 510
"../../../../../../Users/Luke/Documents/Unreal Projects/Echo/Content/FirstPerson/Audio/Music_Bed_2.uasset" 511
"../../../../../../Users/Luke/Documents/Unreal Projects/Echo/Content/FirstPerson/Audio/Wind_Left.uasset" 512
"../../../../../../Users/Luke/Documents/Unreal Projects/Echo/Content/FirstPerson/Audio/Wind_Right.uasset" 513
"../../../../../../Users/Luke/Documents/Unreal Projects/Echo/Content/FirstPerson/Audio/SC_SonarBlip.uasset" 514
"../../../../../../Users/Luke/Documents/Unreal Projects/Echo/Content/FirstPerson/Audio/Sonar_Blip_1.uasset" 515
"../../../../../../Users/Luke/Documents/Unreal Projects/Echo/Content/FirstPerson/Audio/Sonar_Blip_3.uasset" 516
"../../../../../../Users/Luke/Documents/Unreal Projects/Echo/Content/FirstPerson/Audio/Sonar_Blip_4.uasset" 517
"../../../../../../Users/Luke/Documents/Unreal Projects/Echo/Content/FirstPerson/Audio/Sonar_Blip_5.uasset" 518
"../../../../../../Users/Luke/Documents/Unreal Projects/Echo/Content/FirstPerson/Audio/Sonar_Blip_6.uasset" 519
"../../../../../../Users/Luke/Documents/Unreal Projects/Echo/Content/FirstPerson/Audio/Wiff_2.uasset" 520
"../../../../../../Users/Luke/Documents/Unreal Projects/Echo/Content/FirstPerson/Blueprints/BP_Prey.uasset" 521
"../../../../../../Users/Luke/Documents/Unreal Projects/Echo/Content/FirstPerson/Blueprints/BP_StaticMoth.uasset" 522
"../../../../../../Users/Luke/Documents/Unreal Projects/Echo/Content/FirstPerson/Meshes/moth.uasset" 523
"../../../../../../Users/Luke/Documents/Unreal Projects/Echo/Content/FirstPerson/Materials/M_Emissive2Sided.uasset" 524
"../../../../../../Users/Luke/Documents/Unreal Projects/Echo/Content/FirstPerson/Meshes/moth_down.uasset" 525
"../../../../../../Users/Luke/Documents/Unreal Projects/Echo/Content/FirstPerson/Blueprints/BP_PreyGenerator.uasset" 526
"../../../../../../Users/Luke/Documents/Unreal Projects/Echo/Content/FirstPerson/Materials/M_EchoWorldObject.uasset" 527
"../../../Engine/Content/Functions/Engine_MaterialFunctions02/Lerp_Multiple.uasset" 528
"../../../Engine/Content/Functions/Engine_MaterialFunctions02/Math/TimeWithSpeedVariable.uasset" 529
"../../../Engine/Content/Functions/Engine_MaterialFunctions02/Math/AddComponents.uasset" 530
"../../../Engine/Content/Functions/Engine_MaterialFunctions02/Utility/BreakOutFloat3Components.uasset" 531
"../../../Engine/Content/Functions/Engine_MaterialFunctions02/Utility/BreakOutFloat4Components.uasset" 532
"../../../Engine/Content/Functions/Engine_MaterialFunctions02/Utility/MakeFloat3.uasset" 533
"../../../Engine/Content/Functions/Engine_MaterialFunctions02/Utility/MakeFloat4.uasset" 534
"../../../Engine/Content/Functions/Engine_MaterialFunctions02/Utility/VectorLength.uasset" 535
"../../../../../../Users/Luke/Documents/Unreal Projects/Echo/Content/FirstPerson/Materials/MF_EchoShaderMobile.uasset" 536
"../../../../../../Users/Luke/Documents/Unreal Projects/Echo/Content/FirstPerson/Materials/MF_NearWallGradient.uasset" 537
"../../../../../../Users/Luke/Documents/Unreal Projects/Echo/Content/FirstPerson/Meshes/Broadleaf_Mobile_Atlas_Tex.uasset" 538
"../../../../../../Users/Luke/Documents/Unreal Projects/Echo/Content/FirstPerson/Meshes/landscape_collision.uasset" 539
"../../../../../../Users/Luke/Documents/Unreal Projects/Echo/Content/FirstPerson/Meshes/pineTreeLOD1.uasset" 540
"../../../../../../Users/Luke/Documents/Unreal Projects/Echo/Content/FirstPerson/Materials/M_EchoTreeOpaque.uasset" 541
"../../../../../../Users/Luke/Documents/Unreal Projects/Echo/Content/FirstPerson/Materials/M_EchoTree.uasset" 542
"../../../../../../Users/Luke/Documents/Unreal Projects/Echo/Content/FirstPerson/Materials/MF_EchoTreeShader.uasset" 543
"../../../../../../Users/Luke/Documents/Unreal Projects/Echo/Content/FirstPerson/Meshes/rocks_foliage.uasset" 544
"../../../../../../Users/Luke/Documents/Unreal Projects/Echo/Content/FirstPerson/Meshes/SM_Boulder02.uasset" 545
"../../../../../../Users/Luke/Documents/Unreal Projects/Echo/Content/FirstPerson/Meshes/SM_Cliffs.uasset" 546
"../../../../../../Users/Luke/Documents/Unreal Projects/Echo/Content/FirstPerson/Meshes/SM_HangingIce02.uasset" 547
"../../../../../../Users/Luke/Documents/Unreal Projects/Echo/Content/FirstPerson/Meshes/SM_RockLine.uasset" 548
"../../../../../../Users/Luke/Documents/Unreal Projects/Echo/Content/FirstPerson/Meshes/tree_pine.uasset" 549
"../../../../../../Users/Luke/Documents/Unreal Projects/Echo/Content/FirstPerson/Meshes/tree_sequia.uasset" 550
"C:/Users/Luke/AppData/Local/UnrealEngine/Common/DerivedDataCache/1/6/3/TEXTURE_75F87CE100B546AAB8A1C4132AF9DB17_AUTOETC2_DC5B00D1483318086BC9AB9C5128__FCC65084A560AB47CDD367721030910D32FFA75D.udd" 551
"C:/Users/Luke/AppData/Local/UnrealEngine/Common/DerivedDataCache/3/5/5/TEXTURE_75F87CE100B546AAB8A1C4132AF9DB17_AUTOETC2_DC5B00D1483318086BC9AB9C5128__0DC8FAB449244C250C8B6F18E953E830B6F65DD7.udd" 552
"C:/Users/Luke/AppData/Local/UnrealEngine/Common/DerivedDataCache/1/2/4/AUDIO_0002_0000_OGG_0001_C22ECFC343B0A0FEB31F6B809776B683.udd" 553
"C:/Users/Luke/AppData/Local/UnrealEngine/Common/DerivedDataCache/6/1/8/TEXTURE_75F87CE100B546AAB8A1C4132AF9DB17_AUTOETC2_DC5B00D1483318086BC9AB9C5128__077E5653954699E02093DAA57C627C1D3C5D783C.udd" 554
"C:/Users/Luke/AppData/Local/UnrealEngine/Common/DerivedDataCache/4/6/0/TEXTURE_75F87CE100B546AAB8A1C4132AF9DB17_AUTOETC2_DC5B00D1483318086BC9AB9C5128__888E4A5C98A2D951AEED305D77AEFDF188E317FC.udd" 555
"C:/Users/Luke/AppData/Local/UnrealEngine/Common/DerivedDataCache/1/8/5/TEXTURE_75F87CE100B546AAB8A1C4132AF9DB17_AUTOETC2_DC5B00D1483318086BC9AB9C5128__4A894C67E9E5A26FA56AEDF9D9FD1EA3ADF82569.udd" 556
"C:/Users/Luke/AppData/Local/UnrealEngine/Common/DerivedDataCache/3/1/0/AUDIO_0002_0000_OGG_0001_AF5D326043927D3F55C48285679849BF.udd" 557
"C:/Users/Luke/AppData/Local/UnrealEngine/Common/DerivedDataCache/3/5/0/AUDIO_0002_0000_OGG_0001_6BFC29004D1FA483642D189E47992F12.udd" 558
"C:/Users/Luke/AppData/Local/UnrealEngine/Common/DerivedDataCache/9/7/7/AUDIO_0002_0000_OGG_0001_03C224004A3D8008A36FDB867922A776.udd" 559
"C:/Users/Luke/AppData/Local/UnrealEngine/Common/DerivedDataCache/8/5/4/AUDIO_0002_0000_OGG_0001_F4F9CC10453C452370A97D80844F31DF.udd" 560
"C:/Users/Luke/AppData/Local/UnrealEngine/Common/DerivedDataCache/3/1/9/TEXTURE_75F87CE100B546AAB8A1C4132AF9DB17_AUTOETC2_DC5B00D1483318086BC9AB9C5128__CF62C13607AEDD53B47E6D5C2CB4AB000CC3E84D.udd" 561
"C:/Users/Luke/AppData/Local/UnrealEngine/Common/DerivedDataCache/1/8/1/AUDIO_0002_0000_OGG_0001_3F37435A46AFAE0A217D94BAE4C5C04F.udd" 562
"C:/Users/Luke/AppData/Local/UnrealEngine/Common/DerivedDataCache/6/5/9/AUDIO_0002_0000_OGG_0001_2D8EDBDE4BFA119320AD9DAC9F605E6B.udd" 563
"C:/Users/Luke/AppData/Local/UnrealEngine/Common/DerivedDataCache/5/8/6/AUDIO_0002_0000_OGG_0001_F490DA1645D8E04BABD5A79C61421B49.udd" 564
"C:/Users/Luke/AppData/Local/UnrealEngine/Common/DerivedDataCache/0/0/5/AUDIO_0002_0000_OGG_0001_8BAF41A1440790EA1DD4D6BB02571BC8.udd" 565
"C:/Users/Luke/AppData/Local/UnrealEngine/Common/DerivedDataCache/4/1/3/AUDIO_0002_0000_OGG_0001_E0B036F44145A20CDB82CC9648278FC8.udd" 566
"C:/Users/Luke/AppData/Local/UnrealEngine/Common/DerivedDataCache/1/9/2/MATSM_85DD00DAF10D45C79D4ED0306AF2628B_GLSL_ES2_2061__BC5N_DEV_SL_NODBUFD33FE5__C2C622B38ABBA3C11A95BF88E8E39F1BC54C8C7E.udd" 567
"C:/Users/Luke/AppData/Local/UnrealEngine/Common/DerivedDataCache/4/3/6/STATICMESH_46A8778361B442A9523C54440EA1E9D_2C1BC8F50A7A43818AFE266EB43D9060_59__AD623814AF259E289C40537F657F97A3DB03F5C0.udd" 568
"C:/Users/Luke/AppData/Local/UnrealEngine/Common/DerivedDataCache/5/9/1/PHYSX_$7B1F0627AE$2DABEB$2D4206$2D8D78$2DE16BEB5DDC7E$7D_PHYSXPC_1FA6817844E84__094C6B83C5D2BEF3FDE90DA545F3556537470FE9.udd" 569
"C:/Users/Luke/AppData/Local/UnrealEngine/Common/DerivedDataCache/6/2/5/STATICMESH_46A8778361B442A9523C54440EA1E9D_2C1BC8F50A7A43818AFE266EB43D9060_5D__FD85B2A498C7A37017167CD5991C2D1EE2729B46.udd" 570
"C:/Users/Luke/AppData/Local/UnrealEngine/Common/DerivedDataCache/5/6/5/PHYSX_$7B1F0627AE$2DABEB$2D4206$2D8D78$2DE16BEB5DDC7E$7D_PHYSXPC_8303453B4F580__1871E665FED6BC051DF402C5C2EB2E3B8E8C8F44.udd" 571
"C:/Users/Luke/AppData/Local/UnrealEngine/Common/DerivedDataCache/9/3/4/MATSM_85DD00DAF10D45C79D4ED0306AF2628B_GLSL_ES2_2061__BC5N_DEV_SL_NODBUF9A5FFD__E8D7747FB70EFC5899657B80DDFD7CBC067EACF2.udd" 572
"C:/Users/Luke/AppData/Local/UnrealEngine/Common/DerivedDataCache/1/3/3/MATSM_85DD00DAF10D45C79D4ED0306AF2628B_GLSL_ES2_2061__BC5N_DEV_SL_NODBUF9A5FFD__98EDB311A58668CB46B01C5A8137AF52E3A30B09.udd" 573
"C:/Users/Luke/AppData/Local/UnrealEngine/Common/DerivedDataCache/3/6/2/MATSM_85DD00DAF10D45C79D4ED0306AF2628B_GLSL_ES2_2061__BC5N_DEV_SL_NODBUFB6E2EB__D544078D64DC2D033838BC7096E615D8A00DD227.udd" 574
"C:/Users/Luke/AppData/Local/UnrealEngine/Common/DerivedDataCache/6/0/9/STATICMESH_46A8778361B442A9523C54440EA1E9D_2C1BC8F50A7A43818AFE266EB43D9060_7B__1DF4D94DE3080F9313D101878AB08CCB92469DE0.udd" 575
"C:/Users/Luke/AppData/Local/UnrealEngine/Common/DerivedDataCache/7/2/2/PHYSX_$7B1F0627AE$2DABEB$2D4206$2D8D78$2DE16BEB5DDC7E$7D_PHYSXPC_6C546D314557B__2627C4AB5CFB56D9A9B0FBDFEA57248902C20452.udd" 576
"C:/Users/Luke/AppData/Local/UnrealEngine/Common/DerivedDataCache/5/4/1/STATICMESH_46A8778361B442A9523C54440EA1E9D_2C1BC8F50A7A43818AFE266EB43D9060_E7__323B9208401E52852B9B187F6BDDC266D48607A5.udd" 577
"C:/Users/Luke/AppData/Local/UnrealEngine/Common/DerivedDataCache/6/8/8/STATICMESH_46A8778361B442A9523C54440EA1E9D_2C1BC8F50A7A43818AFE266EB43D9060_53__9CA7603BB52DD2BF242CA313211CE66CAE33B441.udd" 578
"C:/Users/Luke/AppData/Local/UnrealEngine/Common/DerivedDataCache/1/6/9/PHYSX_$7B1F0627AE$2DABEB$2D4206$2D8D78$2DE16BEB5DDC7E$7D_PHYSXPC_3EDE120D4696C__C5AA8B2C9A20805A0039C8B14C336F9C59811B31.udd" 579
"C:/Users/Luke/AppData/Local/UnrealEngine/Common/DerivedDataCache/5/3/3/STATICMESH_46A8778361B442A9523C54440EA1E9D_2C1BC8F50A7A43818AFE266EB43D9060_35__062AE4C2CDD8C389ADCBEC8E10F18F620ECE020A.udd" 580
"C:/Users/Luke/AppData/Local/UnrealEngine/Common/DerivedDataCache/1/9/1/PHYSX_$7B1F0627AE$2DABEB$2D4206$2D8D78$2DE16BEB5DDC7E$7D_PHYSXPC_BBA5C60941A69__71E892989F86149BA2F3A55BC9479A0BDCA897A0.udd" 581
"C:/Users/Luke/AppData/Local/UnrealEngine/Common/DerivedDataCache/2/5/3/STATICMESH_46A8778361B442A9523C54440EA1E9D_2C1BC8F50A7A43818AFE266EB43D9060_29__4529DA511BA7AFC5E8907382C749E95F14A6B4D5.udd" 582
"C:/Users/Luke/AppData/Local/UnrealEngine/Common/DerivedDataCache/4/4/5/PHYSX_$7B1F0627AE$2DABEB$2D4206$2D8D78$2DE16BEB5DDC7E$7D_PHYSXPC_9DF76D8B4A560__A00842643D56BA68AEC63521F2F81A25E71E82B8.udd" 583
"C:/Users/Luke/AppData/Local/UnrealEngine/Common/DerivedDataCache/4/6/4/STATICMESH_46A8778361B442A9523C54440EA1E9D_2C1BC8F50A7A43818AFE266EB43D9060_7A__CDEA074D7E8F1EE75378D39684B6024C07CFE093.udd" 584
"C:/Users/Luke/AppData/Local/UnrealEngine/Common/DerivedDataCache/7/6/0/PHYSX_$7B1F0627AE$2DABEB$2D4206$2D8D78$2DE16BEB5DDC7E$7D_PHYSXPC_4487AA8B43DB0__09C49ACDAE53F3B2F1D985B5D4806BF2FBAAC70B.udd" 585
"C:/Users/Luke/AppData/Local/UnrealEngine/Common/DerivedDataCache/9/2/1/STATICMESH_46A8778361B442A9523C54440EA1E9D_2C1BC8F50A7A43818AFE266EB43D9060_46__CE48EDABB2CAF0D0F259043A251E2D5AD0F85990.udd" 586
"C:/Users/Luke/AppData/Local/UnrealEngine/Common/DerivedDataCache/1/5/4/PHYSX_$7B1F0627AE$2DABEB$2D4206$2D8D78$2DE16BEB5DDC7E$7D_PHYSXPC_7545E0F546663__0522AA9B7B5728CA8F1BA2CE0B14227B2233B218.udd" 587
"C:/Users/Luke/AppData/Local/UnrealEngine/Common/DerivedDataCache/7/3/7/STATICMESH_46A8778361B442A9523C54440EA1E9D_2C1BC8F50A7A43818AFE266EB43D9060_F5__E9E5FEC933AB0B5B9B6E917D3B4F63DBDC5C91C1.udd" 588
"C:/Users/Luke/AppData/Local/UnrealEngine/Common/DerivedDataCache/5/1/3/PHYSX_$7B1F0627AE$2DABEB$2D4206$2D8D78$2DE16BEB5DDC7E$7D_PHYSXPC_50CA02C44D23F__201EE83D2B58FB079936C2218DADF6076C37441D.udd" 589
"C:/Users/Luke/AppData/Local/UnrealEngine/Common/DerivedDataCache/9/3/2/STATICMESH_46A8778361B442A9523C54440EA1E9D_2C1BC8F50A7A43818AFE266EB43D9060_07__D011901C37AF11D9FF85D6126A047C5AF2A80523.udd" 590
"C:/Users/Luke/AppData/Local/UnrealEngine/Common/DerivedDataCache/2/0/5/PHYSX_$7B1F0627AE$2DABEB$2D4206$2D8D78$2DE16BEB5DDC7E$7D_PHYSXPC_DC77AFF440F0F__A866755A5F4B8E295AB563B36249A583875AA49E.udd" 591
"C:/Users/Luke/AppData/Local/UnrealEngine/Common/DerivedDataCache/7/0/2/STATICMESH_46A8778361B442A9523C54440EA1E9D_2C1BC8F50A7A43818AFE266EB43D9060_AA__02E84D7B4A3E662993D33B87997CDC3DC2A7C6F7.udd" 592
"C:/Users/Luke/AppData/Local/UnrealEngine/Common/DerivedDataCache/0/7/0/PHYSX_$7B1F0627AE$2DABEB$2D4206$2D8D78$2DE16BEB5DDC7E$7D_PHYSXPC_4EABAAB84A5D4__4EBD2B1C70BB89874A079DE2A71828400D432720.udd" 593
"C:/Users/Luke/AppData/Local/UnrealEngine/Common/DerivedDataCache/6/7/8/STATICMESH_46A8778361B442A9523C54440EA1E9D_2C1BC8F50A7A43818AFE266EB43D9060_2B__4533E30AB875164F43975D8641FB90C92AB9E645.udd" 594
"C:/Users/Luke/AppData/Local/UnrealEngine/Common/DerivedDataCache/4/2/6/PHYSX_$7B1F0627AE$2DABEB$2D4206$2D8D78$2DE16BEB5DDC7E$7D_PHYSXPC_895DDE004C7E6__6BD3B3BB0467525C90560855679771AA05E1A217.udd" 595
"C:/Users/Luke/AppData/Local/UnrealEngine/Common/DerivedDataCache/9/3/1/STATICMESH_46A8778361B442A9523C54440EA1E9D_2C1BC8F50A7A43818AFE266EB43D9060_E7__62314F00A2177EFB8E3CDB8545FFEA7AB6BAAA29.udd" 596
"C:/Users/Luke/AppData/Local/UnrealEngine/Common/DerivedDataCache/7/1/1/STATICMESH_46A8778361B442A9523C54440EA1E9D_2C1BC8F50A7A43818AFE266EB43D9060_96__F60A7A687C4AEA5006C8A2A861337088469D4627.udd" 597
"C:/Users/Luke/AppData/Local/UnrealEngine/Common/DerivedDataCache/1/4/0/PHYSX_$7B1F0627AE$2DABEB$2D4206$2D8D78$2DE16BEB5DDC7E$7D_PHYSXPC_8168E14645B65__31966F3C9E09D206369E57A6D2E07515FA76ACAC.udd" 598
"C:/Users/Luke/AppData/Local/UnrealEngine/Common/DerivedDataCache/6/2/6/PHYSX_$7B1F0627AE$2DABEB$2D4206$2D8D78$2DE16BEB5DDC7E$7D_PHYSXPC_B8CB77CD47EADBDC29B2F5BC61DF46CC__1_0_13075_0.udd" 599
"C:/Users/Luke/AppData/Local/UnrealEngine/Common/DerivedDataCache/9/7/7/PHYSX_$7B1F0627AE$2DABEB$2D4206$2D8D78$2DE16BEB5DDC7E$7D_PHYSXPC_2835A10A48F305FFDCD2E39FE2F2ECD6__1_0_13075_0.udd" 600
"../../../Engine/Content/EditorResources/EmptyActor.uasset" 601
"../../../Engine/Content/EditorResources/LightIcons/S_LightError.uasset" 602
"../../../../../../Users/Luke/Documents/Unreal Projects/Echo/Content/FirstPerson/Meshes/CaveParts/cave_Y.uasset" 603
"C:/Users/Luke/AppData/Local/UnrealEngine/Common/DerivedDataCache/7/2/2/STATICMESH_46A8778361B442A9523C54440EA1E9D_2C1BC8F50A7A43818AFE266EB43D9060_24__C4B8937ECCFFA901E7B3D13B09A2DB9C753CF348.udd" 604
"C:/Users/Luke/AppData/Local/UnrealEngine/Common/DerivedDataCache/7/6/9/PHYSX_$7B1F0627AE$2DABEB$2D4206$2D8D78$2DE16BEB5DDC7E$7D_PHYSXPC_B3EF116545193__8C45453D0596CBD767583F65DFEDA01D2A726C00.udd" 605
"../../../../../../Users/Luke/Documents/Unreal Projects/Echo/Content/FirstPerson/Meshes/CaveParts/cave_turn.uasset" 606
"C:/Users/Luke/AppData/Local/UnrealEngine/Common/DerivedDataCache/7/6/4/STATICMESH_46A8778361B442A9523C54440EA1E9D_2C1BC8F50A7A43818AFE266EB43D9060_9C__D6EAE171E2BBD677B187AEBE3FF11D5577862859.udd" 607
"C:/Users/Luke/AppData/Local/UnrealEngine/Common/DerivedDataCache/2/4/7/PHYSX_$7B1F0627AE$2DABEB$2D4206$2D8D78$2DE16BEB5DDC7E$7D_PHYSXPC_F045C68F4FE70__3C96EFD0F2CA243387964FB36572B2C0A886CA7A.udd" 608
"../../../../../../Users/Luke/Documents/Unreal Projects/Echo/Content/FirstPerson/Meshes/CaveParts/cave_T.uasset" 609
"C:/Users/Luke/AppData/Local/UnrealEngine/Common/DerivedDataCache/1/7/1/STATICMESH_46A8778361B442A9523C54440EA1E9D_2C1BC8F50A7A43818AFE266EB43D9060_1F__BA91848725BEFFCA8B1E1557DB8C6E4B2B7F0EFE.udd" 610
"C:/Users/Luke/AppData/Local/UnrealEngine/Common/DerivedDataCache/3/6/9/PHYSX_$7B1F0627AE$2DABEB$2D4206$2D8D78$2DE16BEB5DDC7E$7D_PHYSXPC_E6D77F614E655__F6835BD7413BB74F11290667EBE689A0317B7EAE.udd" 611
"../../../../../../Users/Luke/Documents/Unreal Projects/Echo/Content/FirstPerson/Meshes/CaveParts/cave_chamber_deadend.uasset" 612
"C:/Users/Luke/AppData/Local/UnrealEngine/Common/DerivedDataCache/6/2/5/STATICMESH_46A8778361B442A9523C54440EA1E9D_2C1BC8F50A7A43818AFE266EB43D9060_0B__8A265EB75CD5C2EE93B5A53265EBEA4E39608EF1.udd" 613
"C:/Users/Luke/AppData/Local/UnrealEngine/Common/DerivedDataCache/8/1/9/PHYSX_$7B1F0627AE$2DABEB$2D4206$2D8D78$2DE16BEB5DDC7E$7D_PHYSXPC_ABDCC49F40204__EA4AE7A18A6375FC68B3152832BC81129FABF016.udd" 614
"../../../../../../Users/Luke/Documents/Unreal Projects/Echo/Content/FirstPerson/Meshes/CaveParts/cave_chamber_2.uasset" 615
"C:/Users/Luke/AppData/Local/UnrealEngine/Common/DerivedDataCache/4/5/0/STATICMESH_46A8778361B442A9523C54440EA1E9D_2C1BC8F50A7A43818AFE266EB43D9060_C0__FDF3E74C8AB3CE961C43420A35F83F2E1035EE43.udd" 616
"C:/Users/Luke/AppData/Local/UnrealEngine/Common/DerivedDataCache/6/4/0/PHYSX_$7B1F0627AE$2DABEB$2D4206$2D8D78$2DE16BEB5DDC7E$7D_PHYSXPC_4CDF06244F0FE__D01B67C3EC2AC6DE7C4C8F86F634B2E83AC3223F.udd" 617
"../../../../../../Users/Luke/Documents/Unreal Projects/Echo/Content/FirstPerson/Meshes/CaveParts/cave_chamber_1.uasset" 618
"C:/Users/Luke/AppData/Local/UnrealEngine/Common/DerivedDataCache/6/0/7/STATICMESH_46A8778361B442A9523C54440EA1E9D_2C1BC8F50A7A43818AFE266EB43D9060_D5__73CFA803659E169163B6166A8C45095F1F2B8204.udd" 619
"C:/Users/Luke/AppData/Local/UnrealEngine/Common/DerivedDataCache/2/1/9/PHYSX_$7B1F0627AE$2DABEB$2D4206$2D8D78$2DE16BEB5DDC7E$7D_PHYSXPC_DF1789E845C80__5A990BDA0A302024F31BB6F4B93EFFA13609DF17.udd" 620
"../../../../../../Users/Luke/Documents/Unreal Projects/Echo/Content/FirstPerson/Meshes/tree_no_leaves_3.uasset" 621
"C:/Users/Luke/AppData/Local/UnrealEngine/Common/DerivedDataCache/5/6/8/STATICMESH_46A8778361B442A9523C54440EA1E9D_2C1BC8F50A7A43818AFE266EB43D9060_22__D5AB5F65CF1E5B6EA3C5085F546B121617B4E4C9.udd" 622
"C:/Users/Luke/AppData/Local/UnrealEngine/Common/DerivedDataCache/2/1/1/PHYSX_$7B1F0627AE$2DABEB$2D4206$2D8D78$2DE16BEB5DDC7E$7D_PHYSXPC_6C9E1D554DA48__6CF6561C979252CD65C626AA59C885A912AC3A30.udd" 623
"../../../../../../Users/Luke/Documents/Unreal Projects/Echo/Content/FirstPerson/Meshes/tree_no_leaves_2.uasset" 624
"C:/Users/Luke/AppData/Local/UnrealEngine/Common/DerivedDataCache/0/6/4/STATICMESH_46A8778361B442A9523C54440EA1E9D_2C1BC8F50A7A43818AFE266EB43D9060_C3__6B6C08C25E76FF3018A780A58745DE8371912E57.udd" 625
"C:/Users/Luke/AppData/Local/UnrealEngine/Common/DerivedDataCache/3/7/3/PHYSX_$7B1F0627AE$2DABEB$2D4206$2D8D78$2DE16BEB5DDC7E$7D_PHYSXPC_CCD6EEAF4C4D5__945F2A5366F7AA32B294AB4BB722EE4E9F58534A.udd" 626
"../../../../../../Users/Luke/Documents/Unreal Projects/Echo/Content/FirstPerson/Meshes/tree_no_leaves.uasset" 627
"C:/Users/Luke/AppData/Local/UnrealEngine/Common/DerivedDataCache/8/7/1/STATICMESH_46A8778361B442A9523C54440EA1E9D_2C1BC8F50A7A43818AFE266EB43D9060_F8__BB5CEA18A0C4E99DD1CA0BFCA8CF103864D49BF1.udd" 628
"C:/Users/Luke/AppData/Local/UnrealEngine/Common/DerivedDataCache/1/8/5/PHYSX_$7B1F0627AE$2DABEB$2D4206$2D8D78$2DE16BEB5DDC7E$7D_PHYSXPC_FA6A8AA145AAF__474268EE5D1B2D450BBA3D7FFA74D5EE9453BCEA.udd" 629
"../../../../../../Users/Luke/Documents/Unreal Projects/Echo/Content/FirstPerson/Meshes/ThreeStones01.uasset" 630
"C:/Users/Luke/AppData/Local/UnrealEngine/Common/DerivedDataCache/6/3/7/STATICMESH_46A8778361B442A9523C54440EA1E9D_2C1BC8F50A7A43818AFE266EB43D9060_05__D96840847558BD9D462F803475D59A2A29AC1279.udd" 631
"C:/Users/Luke/AppData/Local/UnrealEngine/Common/DerivedDataCache/7/1/0/PHYSX_$7B1F0627AE$2DABEB$2D4206$2D8D78$2DE16BEB5DDC7E$7D_PHYSXPC_1ABD267646766__0662D879F4619A8893447622CAE3BA90BA502759.udd" 632
"../../../../../../Users/Luke/Documents/Unreal Projects/Echo/Content/FirstPerson/Meshes/Stone03.uasset" 633
"C:/Users/Luke/AppData/Local/UnrealEngine/Common/DerivedDataCache/0/9/1/STATICMESH_46A8778361B442A9523C54440EA1E9D_2C1BC8F50A7A43818AFE266EB43D9060_0C__E117D893C40FA23FF19BB688F08FAF3A370C10EB.udd" 634
"C:/Users/Luke/AppData/Local/UnrealEngine/Common/DerivedDataCache/7/6/1/PHYSX_$7B1F0627AE$2DABEB$2D4206$2D8D78$2DE16BEB5DDC7E$7D_PHYSXPC_3B48040F4E1E2__8A33A7BB66A2F5AD399EB2CED011E8B0568CC9FD.udd" 635
"../../../../../../Users/Luke/Documents/Unreal Projects/Echo/Content/FirstPerson/Meshes/SquareRock01.uasset" 636
"C:/Users/Luke/AppData/Local/UnrealEngine/Common/DerivedDataCache/5/9/9/STATICMESH_46A8778361B442A9523C54440EA1E9D_2C1BC8F50A7A43818AFE266EB43D9060_9C__3810E4DBAD8D4F160E9B66BFB1DC494A263C5C31.udd" 637
"C:/Users/Luke/AppData/Local/UnrealEngine/Common/DerivedDataCache/8/7/1/PHYSX_$7B1F0627AE$2DABEB$2D4206$2D8D78$2DE16BEB5DDC7E$7D_PHYSXPC_658B8700436E5__2C5E25246B4D551920AD66AD38F06477047C29EF.udd" 638
"../../../../../../Users/Luke/Documents/Unreal Projects/Echo/Content/FirstPerson/Meshes/SM_Rock_01.uasset" 639
"C:/Users/Luke/AppData/Local/UnrealEngine/Common/DerivedDataCache/0/4/5/STATICMESH_46A8778361B442A9523C54440EA1E9D_2C1BC8F50A7A43818AFE266EB43D9060_0F__961A591AC42359D8B5A0ED6509085DEEC1DCF2D7.udd" 640
"C:/Users/Luke/AppData/Local/UnrealEngine/Common/DerivedDataCache/5/4/0/PHYSX_$7B1F0627AE$2DABEB$2D4206$2D8D78$2DE16BEB5DDC7E$7D_PHYSXPC_E4296EE04C9CE__72E59D8AF252F14D31E62E239C622CA43494E33A.udd" 641
"../../../../../../Users/Luke/Documents/Unreal Projects/Echo/Content/FirstPerson/Meshes/SM_RockGravel_Foliage.uasset" 642
"C:/Users/Luke/AppData/Local/UnrealEngine/Common/DerivedDataCache/4/6/6/STATICMESH_46A8778361B442A9523C54440EA1E9D_2C1BC8F50A7A43818AFE266EB43D9060_CD__711CBD308BA0F8B4CD95150A5871E4CA9DF46F00.udd" 643
"../../../../../../Users/Luke/Documents/Unreal Projects/Echo/Content/FirstPerson/Meshes/SM_PineTree.uasset" 644
"C:/Users/Luke/AppData/Local/UnrealEngine/Common/DerivedDataCache/7/7/5/STATICMESH_46A8778361B442A9523C54440EA1E9D_2C1BC8F50A7A43818AFE266EB43D9060_82__D697524B372E5EC54680556302F377B5E18BDCDC.udd" 645
"C:/Users/Luke/AppData/Local/UnrealEngine/Common/DerivedDataCache/0/6/1/PHYSX_$7B1F0627AE$2DABEB$2D4206$2D8D78$2DE16BEB5DDC7E$7D_PHYSXPC_BE64CACE47EFA__B6350AF9E07F6A9E42F56086C667C3648672A9DF.udd" 646
"../../../../../../Users/Luke/Documents/Unreal Projects/Echo/Content/FirstPerson/Meshes/SM_HangingIce03.uasset" 647
"C:/Users/Luke/AppData/Local/UnrealEngine/Common/DerivedDataCache/0/5/4/STATICMESH_46A8778361B442A9523C54440EA1E9D_2C1BC8F50A7A43818AFE266EB43D9060_82__EAE984970D35E1F65E859A41AB3D8697B5F2F123.udd" 648
"C:/Users/Luke/AppData/Local/UnrealEngine/Common/DerivedDataCache/3/7/9/PHYSX_$7B1F0627AE$2DABEB$2D4206$2D8D78$2DE16BEB5DDC7E$7D_PHYSXPC_30956CF544721__9C0C207629BE7700355DBBEE53706F369B00FA25.udd" 649
"../../../../../../Users/Luke/Documents/Unreal Projects/Echo/Content/FirstPerson/Meshes/slanted_rock.uasset" 650
"C:/Users/Luke/AppData/Local/UnrealEngine/Common/DerivedDataCache/8/6/2/STATICMESH_46A8778361B442A9523C54440EA1E9D_2C1BC8F50A7A43818AFE266EB43D9060_49__32CEA22ED10F5E8A7C8EFCCFD61CC21D2EA06318.udd" 651
"C:/Users/Luke/AppData/Local/UnrealEngine/Common/DerivedDataCache/3/8/7/PHYSX_$7B1F0627AE$2DABEB$2D4206$2D8D78$2DE16BEB5DDC7E$7D_PHYSXPC_E59210B14E22D__922411D9FAC8C01C650B28BF96D78E7A8CE8E88E.udd" 652
"../../../../../../Users/Luke/Documents/Unreal Projects/Echo/Content/FirstPerson/Meshes/rock_waterfall.uasset" 653
"C:/Users/Luke/AppData/Local/UnrealEngine/Common/DerivedDataCache/0/0/6/STATICMESH_46A8778361B442A9523C54440EA1E9D_2C1BC8F50A7A43818AFE266EB43D9060_EA__BCD29BCD0625AD1434AD449D01A684B28CF052D0.udd" 654
"C:/Users/Luke/AppData/Local/UnrealEngine/Common/DerivedDataCache/2/0/5/PHYSX_$7B1F0627AE$2DABEB$2D4206$2D8D78$2DE16BEB5DDC7E$7D_PHYSXPC_67E41FBD45AA7__ABD529CF2654D51E403DB45E2DF16EE92DCCCBF9.udd" 655
"../../../../../../Users/Luke/Documents/Unreal Projects/Echo/Content/FirstPerson/Meshes/rock_stalagmite_2.uasset" 656
"C:/Users/Luke/AppData/Local/UnrealEngine/Common/DerivedDataCache/2/3/2/STATICMESH_46A8778361B442A9523C54440EA1E9D_2C1BC8F50A7A43818AFE266EB43D9060_3E__2F54D39D01EE4F71018833CDCCC209BDE1BE2FEC.udd" 657
"C:/Users/Luke/AppData/Local/UnrealEngine/Common/DerivedDataCache/9/1/7/PHYSX_$7B1F0627AE$2DABEB$2D4206$2D8D78$2DE16BEB5DDC7E$7D_PHYSXPC_1C73CF404E9D2__96FF15D9A812080E9420DF21F6A255EDEB51B501.udd" 658
"../../../../../../Users/Luke/Documents/Unreal Projects/Echo/Content/FirstPerson/Meshes/rock_stalagmite.uasset" 659
"C:/Users/Luke/AppData/Local/UnrealEngine/Common/DerivedDataCache/9/2/2/STATICMESH_46A8778361B442A9523C54440EA1E9D_2C1BC8F50A7A43818AFE266EB43D9060_60__AC859C70069E6B2CD5A8BA3DC84547F14FFF5817.udd" 660
"C:/Users/Luke/AppData/Local/UnrealEngine/Common/DerivedDataCache/4/9/1/PHYSX_$7B1F0627AE$2DABEB$2D4206$2D8D78$2DE16BEB5DDC7E$7D_PHYSXPC_6BD30CF440CE0__F290EF333A21EF0C3DCC88DD1309D1F5342C292B.udd" 661
"../../../../../../Users/Luke/Documents/Unreal Projects/Echo/Content/FirstPerson/Meshes/rock_stack_3.uasset" 662
"C:/Users/Luke/AppData/Local/UnrealEngine/Common/DerivedDataCache/3/2/9/STATICMESH_46A8778361B442A9523C54440EA1E9D_2C1BC8F50A7A43818AFE266EB43D9060_22__D6269D39F697CBF3892824D14C6DEFE8296ACD36.udd" 663
"C:/Users/Luke/AppData/Local/UnrealEngine/Common/DerivedDataCache/1/7/9/PHYSX_$7B1F0627AE$2DABEB$2D4206$2D8D78$2DE16BEB5DDC7E$7D_PHYSXPC_B8D1D3104575D__E64B3C530381C7A7069860CF17E977D4C83B9CA6.udd" 664
"../../../../../../Users/Luke/Documents/Unreal Projects/Echo/Content/FirstPerson/Meshes/rock_stack_2.uasset" 665
"C:/Users/Luke/AppData/Local/UnrealEngine/Common/DerivedDataCache/1/9/3/STATICMESH_46A8778361B442A9523C54440EA1E9D_2C1BC8F50A7A43818AFE266EB43D9060_1C__9844CD5A4BDE2DDC206CF89AE1A148FFFDE5B30C.udd" 666
"C:/Users/Luke/AppData/Local/UnrealEngine/Common/DerivedDataCache/1/2/7/PHYSX_$7B1F0627AE$2DABEB$2D4206$2D8D78$2DE16BEB5DDC7E$7D_PHYSXPC_600206A14D08F__D150DFABBDC9C7359C5A7D7686312142178F4B73.udd" 667
"../../../../../../Users/Luke/Documents/Unreal Projects/Echo/Content/FirstPerson/Meshes/rock_stack.uasset" 668
"C:/Users/Luke/AppData/Local/UnrealEngine/Common/DerivedDataCache/9/9/2/STATICMESH_46A8778361B442A9523C54440EA1E9D_2C1BC8F50A7A43818AFE266EB43D9060_15__7728BB4EAC6F384D341864F2CB1E0828FCF78F4C.udd" 669
"C:/Users/Luke/AppData/Local/UnrealEngine/Common/DerivedDataCache/3/7/7/PHYSX_$7B1F0627AE$2DABEB$2D4206$2D8D78$2DE16BEB5DDC7E$7D_PHYSXPC_409348544F6D6__4501DCECA813370B6C50DE4086C2771813AF3F06.udd" 670
"../../../../../../Users/Luke/Documents/Unreal Projects/Echo/Content/FirstPerson/Meshes/rock_rubble_2.uasset" 671
"C:/Users/Luke/AppData/Local/UnrealEngine/Common/DerivedDataCache/4/7/4/STATICMESH_46A8778361B442A9523C54440EA1E9D_2C1BC8F50A7A43818AFE266EB43D9060_46__56691641CCF91024B4C2F0F804A2B27E111E862A.udd" 672
"C:/Users/Luke/AppData/Local/UnrealEngine/Common/DerivedDataCache/0/8/1/PHYSX_$7B1F0627AE$2DABEB$2D4206$2D8D78$2DE16BEB5DDC7E$7D_PHYSXPC_AA7994344779C__B8E19B022AE6F6DD3432822814721D41F5933066.udd" 673
"../../../../../../Users/Luke/Documents/Unreal Projects/Echo/Content/FirstPerson/Meshes/rock_rubble.uasset" 674
"C:/Users/Luke/AppData/Local/UnrealEngine/Common/DerivedDataCache/5/5/9/STATICMESH_46A8778361B442A9523C54440EA1E9D_2C1BC8F50A7A43818AFE266EB43D9060_34__F88973FC53FDF87EC7E9193316DE480CF9A4CB76.udd" 675
"C:/Users/Luke/AppData/Local/UnrealEngine/Common/DerivedDataCache/3/3/1/PHYSX_$7B1F0627AE$2DABEB$2D4206$2D8D78$2DE16BEB5DDC7E$7D_PHYSXPC_C49D3D464C3D4__DC5C75852078315D765C90AA4D193F07F5F5B2D8.udd" 676
"../../../../../../Users/Luke/Documents/Unreal Projects/Echo/Content/FirstPerson/Meshes/rock_pillar_2.uasset" 677
"C:/Users/Luke/AppData/Local/UnrealEngine/Common/DerivedDataCache/3/6/9/STATICMESH_46A8778361B442A9523C54440EA1E9D_2C1BC8F50A7A43818AFE266EB43D9060_01__B7E6785DAF642BDAAFB6F500978A1ECE97524B9A.udd" 678
"C:/Users/Luke/AppData/Local/UnrealEngine/Common/DerivedDataCache/0/3/2/PHYSX_$7B1F0627AE$2DABEB$2D4206$2D8D78$2DE16BEB5DDC7E$7D_PHYSXPC_1DC40ABE4A17A__1911A438BD6E9CBEF1399495C84195D2F07E9909.udd" 679
"../../../../../../Users/Luke/Documents/Unreal Projects/Echo/Content/FirstPerson/Meshes/rock_pillars_3.uasset" 680
"C:/Users/Luke/AppData/Local/UnrealEngine/Common/DerivedDataCache/2/3/3/STATICMESH_46A8778361B442A9523C54440EA1E9D_2C1BC8F50A7A43818AFE266EB43D9060_B6__27F1EF4199F2063C3C6A3541DDAC8425B7ECC17E.udd" 681
"C:/Users/Luke/AppData/Local/UnrealEngine/Common/DerivedDataCache/0/4/0/PHYSX_$7B1F0627AE$2DABEB$2D4206$2D8D78$2DE16BEB5DDC7E$7D_PHYSXPC_0810A8864EC21__BE580409803A173CDBED043C39ABE319C2A326AE.udd" 682
"../../../../../../Users/Luke/Documents/Unreal Projects/Echo/Content/FirstPerson/Meshes/rock_pillars.uasset" 683
"C:/Users/Luke/AppData/Local/UnrealEngine/Common/DerivedDataCache/7/5/7/STATICMESH_46A8778361B442A9523C54440EA1E9D_2C1BC8F50A7A43818AFE266EB43D9060_2F__57BEABC6CDC769EDE06A5BFAC098DDA95FF1CA41.udd" 684
"C:/Users/Luke/AppData/Local/UnrealEngine/Common/DerivedDataCache/4/3/4/PHYSX_$7B1F0627AE$2DABEB$2D4206$2D8D78$2DE16BEB5DDC7E$7D_PHYSXPC_D1FBF43C4CBE0__3249209A310C024E8AFFDFCC15370AAF5A4B514E.udd" 685
"../../../../../../Users/Luke/Documents/Unreal Projects/Echo/Content/FirstPerson/Meshes/rock_pile.uasset" 686
"C:/Users/Luke/AppData/Local/UnrealEngine/Common/DerivedDataCache/5/8/1/STATICMESH_46A8778361B442A9523C54440EA1E9D_2C1BC8F50A7A43818AFE266EB43D9060_71__90D48E8768507377726E245E1E8856E80511EF6F.udd" 687
"C:/Users/Luke/AppData/Local/UnrealEngine/Common/DerivedDataCache/0/5/6/PHYSX_$7B1F0627AE$2DABEB$2D4206$2D8D78$2DE16BEB5DDC7E$7D_PHYSXPC_AD3A6C2143223__C67995B6568BFE52405F4572D8028BCCF1D9B2BE.udd" 688
"../../../../../../Users/Luke/Documents/Unreal Projects/Echo/Content/FirstPerson/Meshes/rock_face_2.uasset" 689
"C:/Users/Luke/AppData/Local/UnrealEngine/Common/DerivedDataCache/5/0/6/STATICMESH_46A8778361B442A9523C54440EA1E9D_2C1BC8F50A7A43818AFE266EB43D9060_45__D6B96EDB5DFE226B5E03B7D8F2022CFF00B655F6.udd" 690
"C:/Users/Luke/AppData/Local/UnrealEngine/Common/DerivedDataCache/1/4/7/PHYSX_$7B1F0627AE$2DABEB$2D4206$2D8D78$2DE16BEB5DDC7E$7D_PHYSXPC_001871B64170A__5919EB4FAD8255299AA8FD51CE7125C7F2227360.udd" 691
"../../../../../../Users/Luke/Documents/Unreal Projects/Echo/Content/FirstPerson/Meshes/rock_face.uasset" 692
"C:/Users/Luke/AppData/Local/UnrealEngine/Common/DerivedDataCache/9/3/9/STATICMESH_46A8778361B442A9523C54440EA1E9D_2C1BC8F50A7A43818AFE266EB43D9060_54__BD565C458EEF019748565CE77A80EF8CD68314B5.udd" 693
"C:/Users/Luke/AppData/Local/UnrealEngine/Common/DerivedDataCache/5/3/6/PHYSX_$7B1F0627AE$2DABEB$2D4206$2D8D78$2DE16BEB5DDC7E$7D_PHYSXPC_3F0393AE46D9B__3E72A09F6057BA21C7DE0CEE3DA5577CC138B581.udd" 694
"../../../../../../Users/Luke/Documents/Unreal Projects/Echo/Content/FirstPerson/Meshes/rock.uasset" 695
"C:/Users/Luke/AppData/Local/UnrealEngine/Common/DerivedDataCache/2/8/4/STATICMESH_46A8778361B442A9523C54440EA1E9D_2C1BC8F50A7A43818AFE266EB43D9060_AE__C82A70849D5C127C0FDE0430E69D5560C34E77A7.udd" 696
"C:/Users/Luke/AppData/Local/UnrealEngine/Common/DerivedDataCache/0/4/7/PHYSX_$7B1F0627AE$2DABEB$2D4206$2D8D78$2DE16BEB5DDC7E$7D_PHYSXPC_63ECCE6E425F8__79DE405EEEDDC25C03DEED77C36C4FEFE4AABA57.udd" 697
"../../../../../../Users/Luke/Documents/Unreal Projects/Echo/Content/FirstPerson/Meshes/pineTreeLOD2.uasset" 698
"C:/Users/Luke/AppData/Local/UnrealEngine/Common/DerivedDataCache/4/3/0/STATICMESH_46A8778361B442A9523C54440EA1E9D_2C1BC8F50A7A43818AFE266EB43D9060_6C__29DE7950220188E0FF2CC35FA191CEED834CD9A4.udd" 699
"C:/Users/Luke/AppData/Local/UnrealEngine/Common/DerivedDataCache/7/3/0/PHYSX_$7B1F0627AE$2DABEB$2D4206$2D8D78$2DE16BEB5DDC7E$7D_PHYSXPC_3B072E0E46630__7730E413B9D17005983C3F75107FEE1359C7C8F1.udd" 700
"../../../../../../Users/Luke/Documents/Unreal Projects/Echo/Content/FirstPerson/Meshes/overrock.uasset" 701
"C:/Users/Luke/AppData/Local/UnrealEngine/Common/DerivedDataCache/8/9/6/STATICMESH_46A8778361B442A9523C54440EA1E9D_2C1BC8F50A7A43818AFE266EB43D9060_92__98879DEB534619D9FF73814FF4A49D2268072FA0.udd" 702
"C:/Users/Luke/AppData/Local/UnrealEngine/Common/DerivedDataCache/7/3/2/PHYSX_$7B1F0627AE$2DABEB$2D4206$2D8D78$2DE16BEB5DDC7E$7D_PHYSXPC_2E44D35347D15__B22535A42C958221A8860DB38EBC87BA284FBA4B.udd" 703
"../../../../../../Users/Luke/Documents/Unreal Projects/Echo/Content/FirstPerson/Meshes/landscape_only.uasset" 704
"../../../../../../Users/Luke/Documents/Unreal Projects/Echo/Content/FirstPerson/Materials/M_EchoWorldObject2Sided.uasset" 705
"C:/Users/Luke/AppData/Local/UnrealEngine/Common/DerivedDataCache/7/6/6/MATSM_85DD00DAF10D45C79D4ED0306AF2628B_GLSL_ES2_2061__BC5N_DEV_SL_NODBUF818C25__1C1FE3E81B07CA7316808CB8D6069110EC889317.udd" 706
"C:/Users/Luke/AppData/Local/UnrealEngine/Common/DerivedDataCache/7/8/8/STATICMESH_46A8778361B442A9523C54440EA1E9D_2C1BC8F50A7A43818AFE266EB43D9060_77__F2DE23C494B56F4D6C8FA0AFA9BC2E12DD2261DC.udd" 707
"../../../../../../Users/Luke/Documents/Unreal Projects/Echo/Content/FirstPerson/Meshes/landscape.uasset" 708
"C:/Users/Luke/AppData/Local/UnrealEngine/Common/DerivedDataCache/5/6/2/STATICMESH_46A8778361B442A9523C54440EA1E9D_2C1BC8F50A7A43818AFE266EB43D9060_1B__A7B6BFDB19E4C590B45B9770F9BC166980F45A1A.udd" 709
"../../../../../../Users/Luke/Documents/Unreal Projects/Echo/Content/FirstPerson/Meshes/fern_3.uasset" 710
"C:/Users/Luke/AppData/Local/UnrealEngine/Common/DerivedDataCache/5/2/9/STATICMESH_46A8778361B442A9523C54440EA1E9D_2C1BC8F50A7A43818AFE266EB43D9060_FD__F4932A2D138B7EA1EF3666B45FF11AE6BE091A4F.udd" 711
"C:/Users/Luke/AppData/Local/UnrealEngine/Common/DerivedDataCache/4/5/9/PHYSX_$7B1F0627AE$2DABEB$2D4206$2D8D78$2DE16BEB5DDC7E$7D_PHYSXPC_80F854D041A74__4094B568BF81F96C82611B43B47EEBE0147ED10E.udd" 712
"../../../../../../Users/Luke/Documents/Unreal Projects/Echo/Content/FirstPerson/Meshes/fern_2.uasset" 713
"C:/Users/Luke/AppData/Local/UnrealEngine/Common/DerivedDataCache/2/7/2/STATICMESH_46A8778361B442A9523C54440EA1E9D_2C1BC8F50A7A43818AFE266EB43D9060_D5__8756CB2C94B9A20FDDDB775265B53633F6338FB8.udd" 714
"C:/Users/Luke/AppData/Local/UnrealEngine/Common/DerivedDataCache/7/3/6/PHYSX_$7B1F0627AE$2DABEB$2D4206$2D8D78$2DE16BEB5DDC7E$7D_PHYSXPC_FE613E2D4392E__616087CB88332BCA74EE95D6FC111EFA8B29FA1E.udd" 715
"../../../../../../Users/Luke/Documents/Unreal Projects/Echo/Content/FirstPerson/Meshes/fern_1.uasset" 716
"C:/Users/Luke/AppData/Local/UnrealEngine/Common/DerivedDataCache/3/5/8/STATICMESH_46A8778361B442A9523C54440EA1E9D_2C1BC8F50A7A43818AFE266EB43D9060_CE__542026B9C97121DA6F9DD0EBF6F87F4060255E3B.udd" 717
"C:/Users/Luke/AppData/Local/UnrealEngine/Common/DerivedDataCache/7/8/8/PHYSX_$7B1F0627AE$2DABEB$2D4206$2D8D78$2DE16BEB5DDC7E$7D_PHYSXPC_1C79BA444B537__77D6E3882DDCC76205EE95C6AE55F5E96F6CE90F.udd" 718
"../../../../../../Users/Luke/Documents/Unreal Projects/Echo/Content/FirstPerson/Meshes/DownPine.uasset" 719
"C:/Users/Luke/AppData/Local/UnrealEngine/Common/DerivedDataCache/2/2/6/STATICMESH_46A8778361B442A9523C54440EA1E9D_2C1BC8F50A7A43818AFE266EB43D9060_CD__754792FC7028CABE9A41219A2D7ABBB973671A50.udd" 720
"C:/Users/Luke/AppData/Local/UnrealEngine/Common/DerivedDataCache/3/4/7/PHYSX_$7B1F0627AE$2DABEB$2D4206$2D8D78$2DE16BEB5DDC7E$7D_PHYSXPC_FAAABDDF4C8B4__ADB0DF2DA95962CC59E40486C65209C65D5AD8CB.udd" 721
"../../../../../../Users/Luke/Documents/Unreal Projects/Echo/Content/FirstPerson/Meshes/cave_fern.uasset" 722
"C:/Users/Luke/AppData/Local/UnrealEngine/Common/DerivedDataCache/1/5/3/STATICMESH_46A8778361B442A9523C54440EA1E9D_2C1BC8F50A7A43818AFE266EB43D9060_AC__28D09D076AFCBC144E4417818219ECAEF0BED32B.udd" 723
"C:/Users/Luke/AppData/Local/UnrealEngine/Common/DerivedDataCache/5/6/0/PHYSX_$7B1F0627AE$2DABEB$2D4206$2D8D78$2DE16BEB5DDC7E$7D_PHYSXPC_BF4280B147A54__2343D43CDB51FF507F43936B1B09BC8E3A68E4F0.udd" 724
"../../../../../../Users/Luke/Documents/Unreal Projects/Echo/Content/FirstPerson/Meshes/Broadleaf_Mobile1.uasset" 725
"../../../../../../Users/Luke/Documents/Unreal Projects/Echo/Content/FirstPerson/Meshes/Broadleaf_Mobile.uasset" 726
"C:/Users/Luke/AppData/Local/UnrealEngine/Common/DerivedDataCache/1/5/3/STATICMESH_46A8778361B442A9523C54440EA1E9D_2C1BC8F50A7A43818AFE266EB43D9060_B5__C1D128C587A66C167CCDFA45A8DEBA1B306D94C6.udd" 727
"C:/Users/Luke/AppData/Local/UnrealEngine/Common/DerivedDataCache/5/6/1/PHYSX_$7B1F0627AE$2DABEB$2D4206$2D8D78$2DE16BEB5DDC7E$7D_PHYSXPC_4933CA8A40DDD__D0662FCCBAC15B6BFB6993252BF50687319ECE1D.udd" 728
"../../../../../../Users/Luke/Documents/Unreal Projects/Echo/Content/FirstPerson/Meshes/blocky_rock.uasset" 729
"C:/Users/Luke/AppData/Local/UnrealEngine/Common/DerivedDataCache/1/7/0/STATICMESH_46A8778361B442A9523C54440EA1E9D_2C1BC8F50A7A43818AFE266EB43D9060_CD__44DE77067A83BE649CD807FEBF6B6D91C99ABF4C.udd" 730
"C:/Users/Luke/AppData/Local/UnrealEngine/Common/DerivedDataCache/0/5/0/PHYSX_$7B1F0627AE$2DABEB$2D4206$2D8D78$2DE16BEB5DDC7E$7D_PHYSXPC_25AB2673442C6__4F950EF00F8A8010251685903E3DB5B16DC78AF7.udd" 731
"../../../../../../Users/Luke/Documents/Unreal Projects/Echo/Content/FirstPerson/Materials/M_Text.uasset" 732
"C:/Users/Luke/AppData/Local/UnrealEngine/Common/DerivedDataCache/5/1/6/MATSM_85DD00DAF10D45C79D4ED0306AF2628B_GLSL_ES2_2061__BC5N_DEV_SL_NODBUF87EAB0__EC2B971667A893535A8F535456833F08C0144483.udd" 733
"../../../../../../Users/Luke/Documents/Unreal Projects/Echo/Content/FirstPerson/Materials/M_Emissive.uasset" 734
"C:/Users/Luke/AppData/Local/UnrealEngine/Common/DerivedDataCache/8/9/1/MATSM_85DD00DAF10D45C79D4ED0306AF2628B_GLSL_ES2_2061__BC5N_DEV_SL_NODBUFBAA5C5__DBB689D1F86A60101FD45708DDC9255EC10B8963.udd" 735
"../../../../../../Users/Luke/Documents/Unreal Projects/Echo/Content/FirstPerson/Materials/M_EchoMasked.uasset" 736
"C:/Users/Luke/AppData/Local/UnrealEngine/Common/DerivedDataCache/5/4/7/MATSM_85DD00DAF10D45C79D4ED0306AF2628B_GLSL_ES2_2061__BC5N_DEV_SL_NODBUF7FA537__66229A1175BED612263DC56F7BF2105F6BD89ADF.udd" 737
"../../../../../../Users/Luke/Documents/Unreal Projects/Echo/Content/FirstPerson/Materials/M_EchoLandscapeTest.uasset" 738
"C:/Users/Luke/AppData/Local/UnrealEngine/Common/DerivedDataCache/6/9/1/MATSM_85DD00DAF10D45C79D4ED0306AF2628B_GLSL_ES2_2061__BC5N_DEV_SL_NODBUFE3E2C1__64D4A2C12C7EE670B9E45194FA51A96F342668A6.udd" 739
"../../../../../../Users/Luke/Documents/Unreal Projects/Echo/Content/FirstPerson/Materials/M_EchoDev.uasset" 740
"C:/Users/Luke/AppData/Local/UnrealEngine/Common/DerivedDataCache/8/2/5/MATSM_85DD00DAF10D45C79D4ED0306AF2628B_GLSL_ES2_2061__BC5N_DEV_SL_NODBUF6C3883__33D8A6DD271362E73C4D7CB6D9EDC2C958A12457.udd" 741
"../../../../../../Users/Luke/Documents/Unreal Projects/Echo/Content/FirstPerson/Blueprints/BP_TestDirectionRotation.uasset" 742
"../../../../../../Users/Luke/Documents/Unreal Projects/Echo/Content/FirstPerson/Audio/Wings_2.uasset" 743
"C:/Users/Luke/AppData/Local/UnrealEngine/Common/DerivedDataCache/3/5/0/AUDIO_0002_0000_OGG_0001_5897043D413FC78EC239188777A3B135.udd" 744
"../../../../../../Users/Luke/Documents/Unreal Projects/Echo/Content/FirstPerson/Audio/Crunch_4.uasset" 745
"C:/Users/Luke/AppData/Local/UnrealEngine/Common/DerivedDataCache/4/6/4/AUDIO_0002_0000_OGG_0001_12BAB5F84406DBAC565013AAA6B88E42.udd" 746
"../../../../../../Users/Luke/Documents/Unreal Projects/Echo/Content/FirstPerson/FirstPersonOverview.uasset" 747
